{"meta": {"format": 3, "version": "7.13.1", "timestamp": "2026-01-26T15:29:02.509949", "branch_coverage": false, "show_contexts": false}, "files": {"src/__init__.py": {"executed_lines": [], "summary": {"covered_lines": 0, "num_statements": 0, "percent_covered": 100.0, "percent_covered_display": "100", "missing_lines": 0, "excluded_lines": 0, "percent_statements_covered": 100.0, "percent_statements_covered_display": "100"}, "missing_lines": [], "excluded_lines": [], "functions": {"": {"executed_lines": [], "summary": {"covered_lines": 0, "num_statements": 0, "percent_covered": 100.0, "percent_covered_display": "100", "missing_lines": 0, "excluded_lines": 0, "percent_statements_covered": 100.0, "percent_statements_covered_display": "100"}, "missing_lines": [], "excluded_lines": [], "start_line": 1}}, "classes": {"": {"executed_lines": [], "summary": {"covered_lines": 0, "num_statements": 0, "percent_covered": 100.0, "percent_covered_display": "100", "missing_lines": 0, "excluded_lines": 0, "percent_statements_covered": 100.0, "percent_statements_covered_display": "100"}, "missing_lines": [], "excluded_lines": [], "start_line": 1}}}, "src/agent/__init__.py": {"executed_lines": [5, 7], "summary": {"covered_lines": 2, "num_statements": 2, "percent_covered": 100.0, "percent_covered_display": "100", "missing_lines": 0, "excluded_lines": 0, "percent_statements_covered": 100.0, "percent_statements_covered_display": "100"}, "missing_lines": [], "excluded_lines": [], "functions": {"": {"executed_lines": [5, 7], "summary": {"covered_lines": 2, "num_statements": 2, "percent_covered": 100.0, "percent_covered_display": "100", "missing_lines": 0, "excluded_lines": 0, "percent_statements_covered": 100.0, "percent_statements_covered_display": "100"}, "missing_lines": [], "excluded_lines": [], "start_line": 1}}, "classes": {"": {"executed_lines": [5, 7], "summary": {"covered_lines": 2, "num_statements": 2, "percent_covered": 100.0, "percent_covered_display": "100", "missing_lines": 0, "excluded_lines": 0, "percent_statements_covered": 100.0, "percent_statements_covered_display": "100"}, "missing_lines": [], "excluded_lines": [], "start_line": 1}}}, "src/agent/orchestrator.py": {"executed_lines": [6, 7, 8, 10, 11, 12, 14, 15, 17, 18, 21, 44, 48, 53, 73, 91, 112, 130, 150, 169, 179, 188, 189, 198, 243, 254, 268], "summary": {"covered_lines": 27, "num_statements": 72, "percent_covered": 37.5, "percent_covered_display": "38", "missing_lines": 45, "excluded_lines": 0, "percent_statements_covered": 37.5, "percent_statements_covered_display": "38"}, "missing_lines": [65, 68, 69, 71, 83, 86, 87, 89, 104, 107, 108, 110, 122, 125, 126, 128, 141, 144, 145, 147, 185, 186, 191, 192, 196, 219, 221, 224, 225, 226, 227, 228, 229, 232, 238, 240, 241, 252, 265, 279, 280, 281, 282, 287, 288], "excluded_lines": [], "functions": {"create_agent": {"executed_lines": [44, 48, 53, 73, 91, 112, 130, 150], "summary": {"covered_lines": 8, "num_statements": 8, "percent_covered": 100.0, "percent_covered_display": "100", "missing_lines": 0, "excluded_lines": 0, "percent_statements_covered": 100.0, "percent_statements_covered_display": "100"}, "missing_lines": [], "excluded_lines": [], "start_line": 21}, "create_agent.add_task_wrapper": {"executed_lines": [], "summary": {"covered_lines": 0, "num_statements": 4, "percent_covered": 0.0, "percent_covered_display": "0", "missing_lines": 4, "excluded_lines": 0, "percent_statements_covered": 0.0, "percent_statements_covered_display": "0"}, "missing_lines": [65, 68, 69, 71], "excluded_lines": [], "start_line": 53}, "create_agent.list_tasks_wrapper": {"executed_lines": [], "summary": {"covered_lines": 0, "num_statements": 4, "percent_covered": 0.0, "percent_covered_display": "0", "missing_lines": 4, "excluded_lines": 0, "percent_statements_covered": 0.0, "percent_statements_covered_display": "0"}, "missing_lines": [83, 86, 87, 89], "excluded_lines": [], "start_line": 73}, "create_agent.update_task_wrapper": {"executed_lines": [], "summary": {"covered_lines": 0, "num_statements": 4, "percent_covered": 0.0, "percent_covered_display": "0", "missing_lines": 4, "excluded_lines": 0, "percent_statements_covered": 0.0, "percent_statements_covered_display": "0"}, "missing_lines": [104, 107, 108, 110], "excluded_lines": [], "start_line": 91}, "create_agent.delete_task_wrapper": {"executed_lines": [], "summary": {"covered_lines": 0, "num_statements": 4, "percent_covered": 0.0, "percent_covered_display": "0", "missing_lines": 4, "excluded_lines": 0, "percent_statements_covered": 0.0, "percent_statements_covered_display": "0"}, "missing_lines": [122, 125, 126, 128], "excluded_lines": [], "start_line": 112}, "create_agent.complete_task_wrapper": {"executed_lines": [], "summary": {"covered_lines": 0, "num_statements": 4, "percent_covered": 0.0, "percent_covered_display": "0", "missing_lines": 4, "excluded_lines": 0, "percent_statements_covered": 0.0, "percent_statements_covered_display": "0"}, "missing_lines": [141, 144, 145, 147], "excluded_lines": [], "start_line": 130}, "AgentOrchestrator.__init__": {"executed_lines": [], "summary": {"covered_lines": 0, "num_statements": 2, "percent_covered": 0.0, "percent_covered_display": "0", "missing_lines": 2, "excluded_lines": 0, "percent_statements_covered": 0.0, "percent_statements_covered_display": "0"}, "missing_lines": [185, 186], "excluded_lines": [], "start_line": 179}, "AgentOrchestrator.model": {"executed_lines": [], "summary": {"covered_lines": 0, "num_statements": 3, "percent_covered": 0.0, "percent_covered_display": "0", "missing_lines": 3, "excluded_lines": 0, "percent_statements_covered": 0.0, "percent_statements_covered_display": "0"}, "missing_lines": [191, 192, 196], "excluded_lines": [], "start_line": 189}, "AgentOrchestrator.process_message": {"executed_lines": [], "summary": {"covered_lines": 0, "num_statements": 12, "percent_covered": 0.0, "percent_covered_display": "0", "missing_lines": 12, "excluded_lines": 0, "percent_statements_covered": 0.0, "percent_statements_covered_display": "0"}, "missing_lines": [219, 221, 224, 225, 226, 227, 228, 229, 232, 238, 240, 241], "excluded_lines": [], "start_line": 198}, "AgentOrchestrator.get_response_text": {"executed_lines": [], "summary": {"covered_lines": 0, "num_statements": 1, "percent_covered": 0.0, "percent_covered_display": "0", "missing_lines": 1, "excluded_lines": 0, "percent_statements_covered": 0.0, "percent_statements_covered_display": "0"}, "missing_lines": [252], "excluded_lines": [], "start_line": 243}, "AgentOrchestrator.get_tool_calls": {"executed_lines": [], "summary": {"covered_lines": 0, "num_statements": 1, "percent_covered": 0.0, "percent_covered_display": "0", "missing_lines": 1, "excluded_lines": 0, "percent_statements_covered": 0.0, "percent_statements_covered_display": "0"}, "missing_lines": [265], "excluded_lines": [], "start_line": 254}, "create_agent_orchestrator": {"executed_lines": [], "summary": {"covered_lines": 0, "num_statements": 6, "percent_covered": 0.0, "percent_covered_display": "0", "missing_lines": 6, "excluded_lines": 0, "percent_statements_covered": 0.0, "percent_statements_covered_display": "0"}, "missing_lines": [279, 280, 281, 282, 287, 288], "excluded_lines": [], "start_line": 268}, "": {"executed_lines": [6, 7, 8, 10, 11, 12, 14, 15, 17, 18, 21, 169, 179, 188, 189, 198, 243, 254, 268], "summary": {"covered_lines": 19, "num_statements": 19, "percent_covered": 100.0, "percent_covered_display": "100", "missing_lines": 0, "excluded_lines": 0, "percent_statements_covered": 100.0, "percent_statements_covered_display": "100"}, "missing_lines": [], "excluded_lines": [], "start_line": 1}}, "classes": {"AgentOrchestrator": {"executed_lines": [], "summary": {"covered_lines": 0, "num_statements": 19, "percent_covered": 0.0, "percent_covered_display": "0", "missing_lines": 19, "excluded_lines": 0, "percent_statements_covered": 0.0, "percent_statements_covered_display": "0"}, "missing_lines": [185, 186, 191, 192, 196, 219, 221, 224, 225, 226, 227, 228, 229, 232, 238, 240, 241, 252, 265], "excluded_lines": [], "start_line": 169}, "": {"executed_lines": [6, 7, 8, 10, 11, 12, 14, 15, 17, 18, 21, 44, 48, 53, 73, 91, 112, 130, 150, 169, 179, 188, 189, 198, 243, 254, 268], "summary": {"covered_lines": 27, "num_statements": 53, "percent_covered": 50.943396226415096, "percent_covered_display": "51", "missing_lines": 26, "excluded_lines": 0, "percent_statements_covered": 50.943396226415096, "percent_statements_covered_display": "51"}, "missing_lines": [65, 68, 69, 71, 83, 86, 87, 89, 104, 107, 108, 110, 122, 125, 126, 128, 141, 144, 145, 147, 279, 280, 281, 282, 287, 288], "excluded_lines": [], "start_line": 1}}}, "src/api/__init__.py": {"executed_lines": [5, 6, 8, 11, 14, 17, 20, 21, 24], "summary": {"covered_lines": 9, "num_statements": 9, "percent_covered": 100.0, "percent_covered_display": "100", "missing_lines": 0, "excluded_lines": 0, "percent_statements_covered": 100.0, "percent_statements_covered_display": "100"}, "missing_lines": [], "excluded_lines": [], "functions": {"": {"executed_lines": [5, 6, 8, 11, 14, 17, 20, 21, 24], "summary": {"covered_lines": 9, "num_statements": 9, "percent_covered": 100.0, "percent_covered_display": "100", "missing_lines": 0, "excluded_lines": 0, "percent_statements_covered": 100.0, "percent_statements_covered_display": "100"}, "missing_lines": [], "excluded_lines": [], "start_line": 1}}, "classes": {"": {"executed_lines": [5, 6, 8, 11, 14, 17, 20, 21, 24], "summary": {"covered_lines": 9, "num_statements": 9, "percent_covered": 100.0, "percent_covered_display": "100", "missing_lines": 0, "excluded_lines": 0, "percent_statements_covered": 100.0, "percent_statements_covered_display": "100"}, "missing_lines": [], "excluded_lines": [], "start_line": 1}}}, "src/api/deps.py": {"executed_lines": [6, 7, 8, 9, 11, 12, 14, 17], "summary": {"covered_lines": 8, "num_statements": 24, "percent_covered": 33.333333333333336, "percent_covered_display": "33", "missing_lines": 16, "excluded_lines": 0, "percent_statements_covered": 33.333333333333336, "percent_statements_covered_display": "33"}, "missing_lines": [32, 33, 40, 41, 42, 48, 50, 52, 57, 58, 59, 63, 64, 65, 69, 70], "excluded_lines": [], "functions": {"get_current_user_id": {"executed_lines": [], "summary": {"covered_lines": 0, "num_statements": 16, "percent_covered": 0.0, "percent_covered_display": "0", "missing_lines": 16, "excluded_lines": 0, "percent_statements_covered": 0.0, "percent_statements_covered_display": "0"}, "missing_lines": [32, 33, 40, 41, 42, 48, 50, 52, 57, 58, 59, 63, 64, 65, 69, 70], "excluded_lines": [], "start_line": 17}, "": {"executed_lines": [6, 7, 8, 9, 11, 12, 14, 17], "summary": {"covered_lines": 8, "num_statements": 8, "percent_covered": 100.0, "percent_covered_display": "100", "missing_lines": 0, "excluded_lines": 0, "percent_statements_covered": 100.0, "percent_statements_covered_display": "100"}, "missing_lines": [], "excluded_lines": [], "start_line": 1}}, "classes": {"": {"executed_lines": [6, 7, 8, 9, 11, 12, 14, 17], "summary": {"covered_lines": 8, "num_statements": 24, "percent_covered": 33.333333333333336, "percent_covered_display": "33", "missing_lines": 16, "excluded_lines": 0, "percent_statements_covered": 33.333333333333336, "percent_statements_covered_display": "33"}, "missing_lines": [32, 33, 40, 41, 42, 48, 50, 52, 57, 58, 59, 63, 64, 65, 69, 70], "excluded_lines": [], "start_line": 1}}}, "src/api/routes/auth.py": {"executed_lines": [5, 6, 8, 9, 10, 11, 13, 14, 15, 16, 17, 19, 22, 23, 28, 29, 69, 70, 94, 95], "summary": {"covered_lines": 20, "num_statements": 46, "percent_covered": 43.47826086956522, "percent_covered_display": "43", "missing_lines": 26, "excluded_lines": 0, "percent_statements_covered": 43.47826086956522, "percent_statements_covered_display": "43"}, "missing_lines": [25, 35, 36, 37, 39, 40, 45, 47, 54, 55, 56, 58, 75, 76, 77, 79, 80, 86, 87, 91, 100, 101, 102, 104, 105, 107], "excluded_lines": [], "functions": {"test_endpoint": {"executed_lines": [], "summary": {"covered_lines": 0, "num_statements": 1, "percent_covered": 0.0, "percent_covered_display": "0", "missing_lines": 1, "excluded_lines": 0, "percent_statements_covered": 0.0, "percent_statements_covered_display": "0"}, "missing_lines": [25], "excluded_lines": [], "start_line": 23}, "signup": {"executed_lines": [], "summary": {"covered_lines": 0, "num_statements": 11, "percent_covered": 0.0, "percent_covered_display": "0", "missing_lines": 11, "excluded_lines": 0, "percent_statements_covered": 0.0, "percent_statements_covered_display": "0"}, "missing_lines": [35, 36, 37, 39, 40, 45, 47, 54, 55, 56, 58], "excluded_lines": [], "start_line": 29}, "login": {"executed_lines": [], "summary": {"covered_lines": 0, "num_statements": 8, "percent_covered": 0.0, "percent_covered_display": "0", "missing_lines": 8, "excluded_lines": 0, "percent_statements_covered": 0.0, "percent_statements_covered_display": "0"}, "missing_lines": [75, 76, 77, 79, 80, 86, 87, 91], "excluded_lines": [], "start_line": 70}, "read_users_me": {"executed_lines": [], "summary": {"covered_lines": 0, "num_statements": 6, "percent_covered": 0.0, "percent_covered_display": "0", "missing_lines": 6, "excluded_lines": 0, "percent_statements_covered": 0.0, "percent_statements_covered_display": "0"}, "missing_lines": [100, 101, 102, 104, 105, 107], "excluded_lines": [], "start_line": 95}, "": {"executed_lines": [5, 6, 8, 9, 10, 11, 13, 14, 15, 16, 17, 19, 22, 23, 28, 29, 69, 70, 94, 95], "summary": {"covered_lines": 20, "num_statements": 20, "percent_covered": 100.0, "percent_covered_display": "100", "missing_lines": 0, "excluded_lines": 0, "percent_statements_covered": 100.0, "percent_statements_covered_display": "100"}, "missing_lines": [], "excluded_lines": [], "start_line": 1}}, "classes": {"": {"executed_lines": [5, 6, 8, 9, 10, 11, 13, 14, 15, 16, 17, 19, 22, 23, 28, 29, 69, 70, 94, 95], "summary": {"covered_lines": 20, "num_statements": 46, "percent_covered": 43.47826086956522, "percent_covered_display": "43", "missing_lines": 26, "excluded_lines": 0, "percent_statements_covered": 43.47826086956522, "percent_statements_covered_display": "43"}, "missing_lines": [25, 35, 36, 37, 39, 40, 45, 47, 54, 55, 56, 58, 75, 76, 77, 79, 80, 86, 87, 91, 100, 101, 102, 104, 105, 107], "excluded_lines": [], "start_line": 1}}}, "src/api/routes/chat.py": {"executed_lines": [5, 6, 7, 9, 10, 11, 12, 13, 15, 16, 17, 27, 28, 29, 31, 32, 35, 38, 55, 64, 65, 215, 223, 288, 297], "summary": {"covered_lines": 25, "num_statements": 87, "percent_covered": 28.735632183908045, "percent_covered_display": "29", "missing_lines": 62, "excluded_lines": 0, "percent_statements_covered": 28.735632183908045, "percent_statements_covered_display": "29"}, "missing_lines": [48, 49, 51, 52, 95, 97, 98, 105, 111, 118, 123, 132, 133, 141, 142, 143, 145, 150, 158, 159, 162, 171, 172, 173, 176, 178, 179, 180, 181, 182, 187, 189, 200, 201, 205, 207, 208, 209, 246, 247, 253, 258, 260, 265, 266, 268, 269, 273, 275, 285, 319, 320, 326, 331, 334, 335, 341, 343, 344, 350, 354, 364], "excluded_lines": [], "functions": {"get_user_key": {"executed_lines": [], "summary": {"covered_lines": 0, "num_statements": 4, "percent_covered": 0.0, "percent_covered_display": "0", "missing_lines": 4, "excluded_lines": 0, "percent_statements_covered": 0.0, "percent_statements_covered_display": "0"}, "missing_lines": [48, 49, 51, 52], "excluded_lines": [], "start_line": 38}, "chat_endpoint": {"executed_lines": [], "summary": {"covered_lines": 0, "num_statements": 34, "percent_covered": 0.0, "percent_covered_display": "0", "missing_lines": 34, "excluded_lines": 0, "percent_statements_covered": 0.0, "percent_statements_covered_display": "0"}, "missing_lines": [95, 97, 98, 105, 111, 118, 123, 132, 133, 141, 142, 143, 145, 150, 158, 159, 162, 171, 172, 173, 176, 178, 179, 180, 181, 182, 187, 189, 200, 201, 205, 207, 208, 209], "excluded_lines": [], "start_line": 65}, "list_conversations": {"executed_lines": [], "summary": {"covered_lines": 0, "num_statements": 12, "percent_covered": 0.0, "percent_covered_display": "0", "missing_lines": 12, "excluded_lines": 0, "percent_statements_covered": 0.0, "percent_statements_covered_display": "0"}, "missing_lines": [246, 247, 253, 258, 260, 265, 266, 268, 269, 273, 275, 285], "excluded_lines": [], "start_line": 223}, "get_conversation": {"executed_lines": [], "summary": {"covered_lines": 0, "num_statements": 12, "percent_covered": 0.0, "percent_covered_display": "0", "missing_lines": 12, "excluded_lines": 0, "percent_statements_covered": 0.0, "percent_statements_covered_display": "0"}, "missing_lines": [319, 320, 326, 331, 334, 335, 341, 343, 344, 350, 354, 364], "excluded_lines": [], "start_line": 297}, "": {"executed_lines": [5, 6, 7, 9, 10, 11, 12, 13, 15, 16, 17, 27, 28, 29, 31, 32, 35, 38, 55, 64, 65, 215, 223, 288, 297], "summary": {"covered_lines": 25, "num_statements": 25, "percent_covered": 100.0, "percent_covered_display": "100", "missing_lines": 0, "excluded_lines": 0, "percent_statements_covered": 100.0, "percent_statements_covered_display": "100"}, "missing_lines": [], "excluded_lines": [], "start_line": 1}}, "classes": {"": {"executed_lines": [5, 6, 7, 9, 10, 11, 12, 13, 15, 16, 17, 27, 28, 29, 31, 32, 35, 38, 55, 64, 65, 215, 223, 288, 297], "summary": {"covered_lines": 25, "num_statements": 87, "percent_covered": 28.735632183908045, "percent_covered_display": "29", "missing_lines": 62, "excluded_lines": 0, "percent_statements_covered": 28.735632183908045, "percent_statements_covered_display": "29"}, "missing_lines": [48, 49, 51, 52, 95, 97, 98, 105, 111, 118, 123, 132, 133, 141, 142, 143, 145, 150, 158, 159, 162, 171, 172, 173, 176, 178, 179, 180, 181, 182, 187, 189, 200, 201, 205, 207, 208, 209, 246, 247, 253, 258, 260, 265, 266, 268, 269, 273, 275, 285, 319, 320, 326, 331, 334, 335, 341, 343, 344, 350, 354, 364], "excluded_lines": [], "start_line": 1}}}, "src/api/routes/chatkit.py": {"executed_lines": [5, 6, 7, 8, 9, 11, 12, 13, 14, 16, 17, 18, 19, 20, 21, 23, 24, 27, 29, 32, 34, 35, 38, 39, 107, 108, 295, 296], "summary": {"covered_lines": 28, "num_statements": 96, "percent_covered": 29.166666666666668, "percent_covered_display": "29", "missing_lines": 68, "excluded_lines": 0, "percent_statements_covered": 29.166666666666668, "percent_statements_covered_display": "29"}, "missing_lines": [59, 61, 67, 68, 69, 71, 77, 78, 79, 86, 87, 90, 91, 93, 98, 99, 100, 101, 127, 129, 130, 131, 134, 135, 141, 142, 143, 144, 145, 147, 148, 154, 160, 167, 168, 169, 175, 183, 186, 188, 190, 193, 201, 204, 212, 213, 214, 215, 216, 217, 222, 228, 236, 239, 246, 249, 258, 261, 262, 264, 266, 273, 276, 286, 287, 288, 289, 298], "excluded_lines": [], "functions": {"create_chatkit_session": {"executed_lines": [], "summary": {"covered_lines": 0, "num_statements": 18, "percent_covered": 0.0, "percent_covered_display": "0", "missing_lines": 18, "excluded_lines": 0, "percent_statements_covered": 0.0, "percent_statements_covered_display": "0"}, "missing_lines": [59, 61, 67, 68, 69, 71, 77, 78, 79, 86, 87, 90, 91, 93, 98, 99, 100, 101], "excluded_lines": [], "start_line": 39}, "chatkit_endpoint": {"executed_lines": [], "summary": {"covered_lines": 0, "num_statements": 26, "percent_covered": 0.0, "percent_covered_display": "0", "missing_lines": 26, "excluded_lines": 0, "percent_statements_covered": 0.0, "percent_statements_covered_display": "0"}, "missing_lines": [127, 129, 130, 131, 134, 135, 141, 142, 143, 144, 145, 147, 148, 154, 160, 167, 168, 169, 175, 183, 186, 276, 286, 287, 288, 289], "excluded_lines": [], "start_line": 108}, "chatkit_endpoint.stream_response": {"executed_lines": [], "summary": {"covered_lines": 0, "num_statements": 23, "percent_covered": 0.0, "percent_covered_display": "0", "missing_lines": 23, "excluded_lines": 0, "percent_statements_covered": 0.0, "percent_statements_covered_display": "0"}, "missing_lines": [188, 190, 193, 201, 204, 212, 213, 214, 215, 216, 217, 222, 228, 236, 239, 246, 249, 258, 261, 262, 264, 266, 273], "excluded_lines": [], "start_line": 186}, "health_check": {"executed_lines": [], "summary": {"covered_lines": 0, "num_statements": 1, "percent_covered": 0.0, "percent_covered_display": "0", "missing_lines": 1, "excluded_lines": 0, "percent_statements_covered": 0.0, "percent_statements_covered_display": "0"}, "missing_lines": [298], "excluded_lines": [], "start_line": 296}, "": {"executed_lines": [5, 6, 7, 8, 9, 11, 12, 13, 14, 16, 17, 18, 19, 20, 21, 23, 24, 27, 29, 32, 34, 35, 38, 39, 107, 108, 295, 296], "summary": {"covered_lines": 28, "num_statements": 28, "percent_covered": 100.0, "percent_covered_display": "100", "missing_lines": 0, "excluded_lines": 0, "percent_statements_covered": 100.0, "percent_statements_covered_display": "100"}, "missing_lines": [], "excluded_lines": [], "start_line": 1}}, "classes": {"SessionRequest": {"executed_lines": [], "summary": {"covered_lines": 0, "num_statements": 0, "percent_covered": 100.0, "percent_covered_display": "100", "missing_lines": 0, "excluded_lines": 0, "percent_statements_covered": 100.0, "percent_statements_covered_display": "100"}, "missing_lines": [], "excluded_lines": [], "start_line": 27}, "SessionResponse": {"executed_lines": [], "summary": {"covered_lines": 0, "num_statements": 0, "percent_covered": 100.0, "percent_covered_display": "100", "missing_lines": 0, "excluded_lines": 0, "percent_statements_covered": 100.0, "percent_statements_covered_display": "100"}, "missing_lines": [], "excluded_lines": [], "start_line": 32}, "": {"executed_lines": [5, 6, 7, 8, 9, 11, 12, 13, 14, 16, 17, 18, 19, 20, 21, 23, 24, 27, 29, 32, 34, 35, 38, 39, 107, 108, 295, 296], "summary": {"covered_lines": 28, "num_statements": 96, "percent_covered": 29.166666666666668, "percent_covered_display": "29", "missing_lines": 68, "excluded_lines": 0, "percent_statements_covered": 29.166666666666668, "percent_statements_covered_display": "29"}, "missing_lines": [59, 61, 67, 68, 69, 71, 77, 78, 79, 86, 87, 90, 91, 93, 98, 99, 100, 101, 127, 129, 130, 131, 134, 135, 141, 142, 143, 144, 145, 147, 148, 154, 160, 167, 168, 169, 175, 183, 186, 188, 190, 193, 201, 204, 212, 213, 214, 215, 216, 217, 222, 228, 236, 239, 246, 249, 258, 261, 262, 264, 266, 273, 276, 286, 287, 288, 289, 298], "excluded_lines": [], "start_line": 1}}}, "src/api/routes/health.py": {"executed_lines": [4, 5, 6, 8, 10, 13, 15, 16, 19, 20], "summary": {"covered_lines": 10, "num_statements": 16, "percent_covered": 62.5, "percent_covered_display": "62", "missing_lines": 6, "excluded_lines": 0, "percent_statements_covered": 62.5, "percent_statements_covered_display": "62"}, "missing_lines": [28, 29, 30, 31, 32, 34], "excluded_lines": [], "functions": {"health_check": {"executed_lines": [], "summary": {"covered_lines": 0, "num_statements": 6, "percent_covered": 0.0, "percent_covered_display": "0", "missing_lines": 6, "excluded_lines": 0, "percent_statements_covered": 0.0, "percent_statements_covered_display": "0"}, "missing_lines": [28, 29, 30, 31, 32, 34], "excluded_lines": [], "start_line": 20}, "": {"executed_lines": [4, 5, 6, 8, 10, 13, 15, 16, 19, 20], "summary": {"covered_lines": 10, "num_statements": 10, "percent_covered": 100.0, "percent_covered_display": "100", "missing_lines": 0, "excluded_lines": 0, "percent_statements_covered": 100.0, "percent_statements_covered_display": "100"}, "missing_lines": [], "excluded_lines": [], "start_line": 1}}, "classes": {"HealthResponse": {"executed_lines": [], "summary": {"covered_lines": 0, "num_statements": 0, "percent_covered": 100.0, "percent_covered_display": "100", "missing_lines": 0, "excluded_lines": 0, "percent_statements_covered": 100.0, "percent_statements_covered_display": "100"}, "missing_lines": [], "excluded_lines": [], "start_line": 13}, "": {"executed_lines": [4, 5, 6, 8, 10, 13, 15, 16, 19, 20], "summary": {"covered_lines": 10, "num_statements": 16, "percent_covered": 62.5, "percent_covered_display": "62", "missing_lines": 6, "excluded_lines": 0, "percent_statements_covered": 62.5, "percent_statements_covered_display": "62"}, "missing_lines": [28, 29, 30, 31, 32, 34], "excluded_lines": [], "start_line": 1}}}, "src/api/routes/tags.py": {"executed_lines": [5, 6, 7, 8, 10, 11, 12, 13, 15, 18, 19, 60, 61, 111, 112, 168, 169], "summary": {"covered_lines": 17, "num_statements": 60, "percent_covered": 28.333333333333332, "percent_covered_display": "28", "missing_lines": 43, "excluded_lines": 0, "percent_statements_covered": 28.333333333333332, "percent_statements_covered_display": "28"}, "missing_lines": [36, 37, 43, 48, 49, 50, 51, 55, 57, 83, 84, 90, 97, 98, 104, 105, 106, 107, 108, 136, 137, 143, 144, 145, 151, 152, 158, 159, 160, 162, 163, 164, 165, 188, 189, 195, 196, 197, 203, 204, 210, 211, 212], "excluded_lines": [], "functions": {"list_tags": {"executed_lines": [], "summary": {"covered_lines": 0, "num_statements": 9, "percent_covered": 0.0, "percent_covered_display": "0", "missing_lines": 9, "excluded_lines": 0, "percent_statements_covered": 0.0, "percent_statements_covered_display": "0"}, "missing_lines": [36, 37, 43, 48, 49, 50, 51, 55, 57], "excluded_lines": [], "start_line": 19}, "create_tag": {"executed_lines": [], "summary": {"covered_lines": 0, "num_statements": 10, "percent_covered": 0.0, "percent_covered_display": "0", "missing_lines": 10, "excluded_lines": 0, "percent_statements_covered": 0.0, "percent_statements_covered_display": "0"}, "missing_lines": [83, 84, 90, 97, 98, 104, 105, 106, 107, 108], "excluded_lines": [], "start_line": 61}, "update_tag": {"executed_lines": [], "summary": {"covered_lines": 0, "num_statements": 14, "percent_covered": 0.0, "percent_covered_display": "0", "missing_lines": 14, "excluded_lines": 0, "percent_statements_covered": 0.0, "percent_statements_covered_display": "0"}, "missing_lines": [136, 137, 143, 144, 145, 151, 152, 158, 159, 160, 162, 163, 164, 165], "excluded_lines": [], "start_line": 112}, "delete_tag": {"executed_lines": [], "summary": {"covered_lines": 0, "num_statements": 10, "percent_covered": 0.0, "percent_covered_display": "0", "missing_lines": 10, "excluded_lines": 0, "percent_statements_covered": 0.0, "percent_statements_covered_display": "0"}, "missing_lines": [188, 189, 195, 196, 197, 203, 204, 210, 211, 212], "excluded_lines": [], "start_line": 169}, "": {"executed_lines": [5, 6, 7, 8, 10, 11, 12, 13, 15, 18, 19, 60, 61, 111, 112, 168, 169], "summary": {"covered_lines": 17, "num_statements": 17, "percent_covered": 100.0, "percent_covered_display": "100", "missing_lines": 0, "excluded_lines": 0, "percent_statements_covered": 100.0, "percent_statements_covered_display": "100"}, "missing_lines": [], "excluded_lines": [], "start_line": 1}}, "classes": {"": {"executed_lines": [5, 6, 7, 8, 10, 11, 12, 13, 15, 18, 19, 60, 61, 111, 112, 168, 169], "summary": {"covered_lines": 17, "num_statements": 60, "percent_covered": 28.333333333333332, "percent_covered_display": "28", "missing_lines": 43, "excluded_lines": 0, "percent_statements_covered": 28.333333333333332, "percent_statements_covered_display": "28"}, "missing_lines": [36, 37, 43, 48, 49, 50, 51, 55, 57, 83, 84, 90, 97, 98, 104, 105, 106, 107, 108, 136, 137, 143, 144, 145, 151, 152, 158, 159, 160, 162, 163, 164, 165, 188, 189, 195, 196, 197, 203, 204, 210, 211, 212], "excluded_lines": [], "start_line": 1}}}, "src/api/routes/tasks.py": {"executed_lines": [6, 7, 8, 9, 11, 12, 13, 14, 16, 19, 20, 108, 109, 170, 171, 229, 230, 299, 300, 368, 369, 432, 433], "summary": {"covered_lines": 23, "num_statements": 121, "percent_covered": 19.00826446280992, "percent_covered_display": "19", "missing_lines": 98, "excluded_lines": 0, "percent_statements_covered": 19.00826446280992, "percent_statements_covered_display": "19"}, "missing_lines": [49, 50, 56, 59, 60, 61, 62, 64, 65, 67, 68, 69, 75, 76, 78, 79, 80, 82, 83, 85, 88, 89, 92, 131, 132, 138, 141, 142, 144, 145, 151, 152, 153, 154, 157, 193, 194, 200, 201, 202, 203, 209, 210, 216, 254, 255, 261, 262, 263, 264, 270, 271, 277, 278, 279, 281, 282, 283, 286, 324, 325, 331, 332, 333, 334, 340, 341, 347, 348, 349, 351, 352, 353, 355, 391, 392, 398, 399, 400, 401, 407, 408, 414, 415, 416, 417, 419, 452, 453, 459, 460, 461, 462, 468, 469, 475, 476, 477], "excluded_lines": [], "functions": {"list_tasks": {"executed_lines": [], "summary": {"covered_lines": 0, "num_statements": 23, "percent_covered": 0.0, "percent_covered_display": "0", "missing_lines": 23, "excluded_lines": 0, "percent_statements_covered": 0.0, "percent_statements_covered_display": "0"}, "missing_lines": [49, 50, 56, 59, 60, 61, 62, 64, 65, 67, 68, 69, 75, 76, 78, 79, 80, 82, 83, 85, 88, 89, 92], "excluded_lines": [], "start_line": 20}, "create_task": {"executed_lines": [], "summary": {"covered_lines": 0, "num_statements": 12, "percent_covered": 0.0, "percent_covered_display": "0", "missing_lines": 12, "excluded_lines": 0, "percent_statements_covered": 0.0, "percent_statements_covered_display": "0"}, "missing_lines": [131, 132, 138, 141, 142, 144, 145, 151, 152, 153, 154, 157], "excluded_lines": [], "start_line": 109}, "get_task": {"executed_lines": [], "summary": {"covered_lines": 0, "num_statements": 9, "percent_covered": 0.0, "percent_covered_display": "0", "missing_lines": 9, "excluded_lines": 0, "percent_statements_covered": 0.0, "percent_statements_covered_display": "0"}, "missing_lines": [193, 194, 200, 201, 202, 203, 209, 210, 216], "excluded_lines": [], "start_line": 171}, "update_task": {"executed_lines": [], "summary": {"covered_lines": 0, "num_statements": 15, "percent_covered": 0.0, "percent_covered_display": "0", "missing_lines": 15, "excluded_lines": 0, "percent_statements_covered": 0.0, "percent_statements_covered_display": "0"}, "missing_lines": [254, 255, 261, 262, 263, 264, 270, 271, 277, 278, 279, 281, 282, 283, 286], "excluded_lines": [], "start_line": 230}, "patch_task": {"executed_lines": [], "summary": {"covered_lines": 0, "num_statements": 15, "percent_covered": 0.0, "percent_covered_display": "0", "missing_lines": 15, "excluded_lines": 0, "percent_statements_covered": 0.0, "percent_statements_covered_display": "0"}, "missing_lines": [324, 325, 331, 332, 333, 334, 340, 341, 347, 348, 349, 351, 352, 353, 355], "excluded_lines": [], "start_line": 300}, "toggle_task_complete": {"executed_lines": [], "summary": {"covered_lines": 0, "num_statements": 13, "percent_covered": 0.0, "percent_covered_display": "0", "missing_lines": 13, "excluded_lines": 0, "percent_statements_covered": 0.0, "percent_statements_covered_display": "0"}, "missing_lines": [391, 392, 398, 399, 400, 401, 407, 408, 414, 415, 416, 417, 419], "excluded_lines": [], "start_line": 369}, "delete_task": {"executed_lines": [], "summary": {"covered_lines": 0, "num_statements": 11, "percent_covered": 0.0, "percent_covered_display": "0", "missing_lines": 11, "excluded_lines": 0, "percent_statements_covered": 0.0, "percent_statements_covered_display": "0"}, "missing_lines": [452, 453, 459, 460, 461, 462, 468, 469, 475, 476, 477], "excluded_lines": [], "start_line": 433}, "": {"executed_lines": [6, 7, 8, 9, 11, 12, 13, 14, 16, 19, 20, 108, 109, 170, 171, 229, 230, 299, 300, 368, 369, 432, 433], "summary": {"covered_lines": 23, "num_statements": 23, "percent_covered": 100.0, "percent_covered_display": "100", "missing_lines": 0, "excluded_lines": 0, "percent_statements_covered": 100.0, "percent_statements_covered_display": "100"}, "missing_lines": [], "excluded_lines": [], "start_line": 1}}, "classes": {"": {"executed_lines": [6, 7, 8, 9, 11, 12, 13, 14, 16, 19, 20, 108, 109, 170, 171, 229, 230, 299, 300, 368, 369, 432, 433], "summary": {"covered_lines": 23, "num_statements": 121, "percent_covered": 19.00826446280992, "percent_covered_display": "19", "missing_lines": 98, "excluded_lines": 0, "percent_statements_covered": 19.00826446280992, "percent_statements_covered_display": "19"}, "missing_lines": [49, 50, 56, 59, 60, 61, 62, 64, 65, 67, 68, 69, 75, 76, 78, 79, 80, 82, 83, 85, 88, 89, 92, 131, 132, 138, 141, 142, 144, 145, 151, 152, 153, 154, 157, 193, 194, 200, 201, 202, 203, 209, 210, 216, 254, 255, 261, 262, 263, 264, 270, 271, 277, 278, 279, 281, 282, 283, 286, 324, 325, 331, 332, 333, 334, 340, 341, 347, 348, 349, 351, 352, 353, 355, 391, 392, 398, 399, 400, 401, 407, 408, 414, 415, 416, 417, 419, 452, 453, 459, 460, 461, 462, 468, 469, 475, 476, 477], "excluded_lines": [], "start_line": 1}}}, "src/config.py": {"executed_lines": [6, 7, 8, 9, 10, 12, 15, 22, 28, 33, 37, 43, 49, 55, 59, 63, 70, 71, 72, 73, 75, 81, 82, 87, 98, 99, 105, 108, 114, 116], "summary": {"covered_lines": 30, "num_statements": 33, "percent_covered": 90.9090909090909, "percent_covered_display": "91", "missing_lines": 3, "excluded_lines": 0, "percent_statements_covered": 90.9090909090909, "percent_statements_covered_display": "91"}, "missing_lines": [83, 88, 93], "excluded_lines": [], "functions": {"Settings.validate_openai_config": {"executed_lines": [81, 82, 87], "summary": {"covered_lines": 3, "num_statements": 6, "percent_covered": 50.0, "percent_covered_display": "50", "missing_lines": 3, "excluded_lines": 0, "percent_statements_covered": 50.0, "percent_statements_covered_display": "50"}, "missing_lines": [83, 88, 93], "excluded_lines": [], "start_line": 75}, "get_settings": {"executed_lines": [105, 108, 114, 116], "summary": {"covered_lines": 4, "num_statements": 4, "percent_covered": 100.0, "percent_covered_display": "100", "missing_lines": 0, "excluded_lines": 0, "percent_statements_covered": 100.0, "percent_statements_covered_display": "100"}, "missing_lines": [], "excluded_lines": [], "start_line": 99}, "": {"executed_lines": [6, 7, 8, 9, 10, 12, 15, 22, 28, 33, 37, 43, 49, 55, 59, 63, 70, 71, 72, 73, 75, 98, 99], "summary": {"covered_lines": 23, "num_statements": 23, "percent_covered": 100.0, "percent_covered_display": "100", "missing_lines": 0, "excluded_lines": 0, "percent_statements_covered": 100.0, "percent_statements_covered_display": "100"}, "missing_lines": [], "excluded_lines": [], "start_line": 1}}, "classes": {"Settings": {"executed_lines": [81, 82, 87], "summary": {"covered_lines": 3, "num_statements": 6, "percent_covered": 50.0, "percent_covered_display": "50", "missing_lines": 3, "excluded_lines": 0, "percent_statements_covered": 50.0, "percent_statements_covered_display": "50"}, "missing_lines": [83, 88, 93], "excluded_lines": [], "start_line": 15}, "Settings.Config": {"executed_lines": [], "summary": {"covered_lines": 0, "num_statements": 0, "percent_covered": 100.0, "percent_covered_display": "100", "missing_lines": 0, "excluded_lines": 0, "percent_statements_covered": 100.0, "percent_statements_covered_display": "100"}, "missing_lines": [], "excluded_lines": [], "start_line": 70}, "": {"executed_lines": [6, 7, 8, 9, 10, 12, 15, 22, 28, 33, 37, 43, 49, 55, 59, 63, 70, 71, 72, 73, 75, 98, 99, 105, 108, 114, 116], "summary": {"covered_lines": 27, "num_statements": 27, "percent_covered": 100.0, "percent_covered_display": "100", "missing_lines": 0, "excluded_lines": 0, "percent_statements_covered": 100.0, "percent_statements_covered_display": "100"}, "missing_lines": [], "excluded_lines": [], "start_line": 1}}}, "src/database.py": {"executed_lines": [6, 7, 8, 9, 12, 15, 16, 18, 22, 25, 26, 27, 33, 48], "summary": {"covered_lines": 14, "num_statements": 24, "percent_covered": 58.333333333333336, "percent_covered_display": "58", "missing_lines": 10, "excluded_lines": 0, "percent_statements_covered": 58.333333333333336, "percent_statements_covered_display": "58"}, "missing_lines": [28, 29, 30, 31, 39, 40, 41, 45, 50, 51], "excluded_lines": [], "functions": {"get_session": {"executed_lines": [], "summary": {"covered_lines": 0, "num_statements": 2, "percent_covered": 0.0, "percent_covered_display": "0", "missing_lines": 2, "excluded_lines": 0, "percent_statements_covered": 0.0, "percent_statements_covered_display": "0"}, "missing_lines": [50, 51], "excluded_lines": [], "start_line": 48}, "": {"executed_lines": [6, 7, 8, 9, 12, 15, 16, 18, 22, 25, 26, 27, 33, 48], "summary": {"covered_lines": 14, "num_statements": 22, "percent_covered": 63.63636363636363, "percent_covered_display": "64", "missing_lines": 8, "excluded_lines": 0, "percent_statements_covered": 63.63636363636363, "percent_statements_covered_display": "64"}, "missing_lines": [28, 29, 30, 31, 39, 40, 41, 45], "excluded_lines": [], "start_line": 1}}, "classes": {"": {"executed_lines": [6, 7, 8, 9, 12, 15, 16, 18, 22, 25, 26, 27, 33, 48], "summary": {"covered_lines": 14, "num_statements": 24, "percent_covered": 58.333333333333336, "percent_covered_display": "58", "missing_lines": 10, "excluded_lines": 0, "percent_statements_covered": 58.333333333333336, "percent_statements_covered_display": "58"}, "missing_lines": [28, 29, 30, 31, 39, 40, 41, 45, 50, 51], "excluded_lines": [], "start_line": 1}}}, "src/main.py": {"executed_lines": [6, 7, 8, 9, 11, 12, 13, 14, 15, 17, 18, 21, 24, 25, 67, 77, 92, 93, 110, 113, 114, 129, 130, 186, 187], "summary": {"covered_lines": 25, "num_statements": 76, "percent_covered": 32.89473684210526, "percent_covered_display": "33", "missing_lines": 51, "excluded_lines": 0, "percent_statements_covered": 32.89473684210526, "percent_statements_covered_display": "33"}, "missing_lines": [37, 40, 41, 42, 43, 44, 45, 46, 49, 50, 52, 54, 55, 56, 58, 61, 62, 63, 95, 96, 116, 137, 139, 151, 152, 153, 154, 155, 156, 157, 158, 159, 162, 163, 165, 166, 168, 169, 170, 171, 172, 174, 177, 178, 183, 194, 195, 202, 207, 208, 215], "excluded_lines": [], "functions": {"lifespan": {"executed_lines": [], "summary": {"covered_lines": 0, "num_statements": 18, "percent_covered": 0.0, "percent_covered_display": "0", "missing_lines": 18, "excluded_lines": 0, "percent_statements_covered": 0.0, "percent_statements_covered_display": "0"}, "missing_lines": [37, 40, 41, 42, 43, 44, 45, 46, 49, 50, 52, 54, 55, 56, 58, 61, 62, 63], "excluded_lines": [], "start_line": 25}, "rate_limit_exceeded_handler": {"executed_lines": [], "summary": {"covered_lines": 0, "num_statements": 2, "percent_covered": 0.0, "percent_covered_display": "0", "missing_lines": 2, "excluded_lines": 0, "percent_statements_covered": 0.0, "percent_statements_covered_display": "0"}, "missing_lines": [95, 96], "excluded_lines": [], "start_line": 93}, "root": {"executed_lines": [], "summary": {"covered_lines": 0, "num_statements": 1, "percent_covered": 0.0, "percent_covered_display": "0", "missing_lines": 1, "excluded_lines": 0, "percent_statements_covered": 0.0, "percent_statements_covered_display": "0"}, "missing_lines": [116], "excluded_lines": [], "start_line": 114}, "health_check": {"executed_lines": [], "summary": {"covered_lines": 0, "num_statements": 24, "percent_covered": 0.0, "percent_covered_display": "0", "missing_lines": 24, "excluded_lines": 0, "percent_statements_covered": 0.0, "percent_statements_covered_display": "0"}, "missing_lines": [137, 139, 151, 152, 153, 154, 155, 156, 157, 158, 159, 162, 163, 165, 166, 168, 169, 170, 171, 172, 174, 177, 178, 183], "excluded_lines": [], "start_line": 130}, "chat_health_check": {"executed_lines": [], "summary": {"covered_lines": 0, "num_statements": 6, "percent_covered": 0.0, "percent_covered_display": "0", "missing_lines": 6, "excluded_lines": 0, "percent_statements_covered": 0.0, "percent_statements_covered_display": "0"}, "missing_lines": [194, 195, 202, 207, 208, 215], "excluded_lines": [], "start_line": 187}, "": {"executed_lines": [6, 7, 8, 9, 11, 12, 13, 14, 15, 17, 18, 21, 24, 25, 67, 77, 92, 93, 110, 113, 114, 129, 130, 186, 187], "summary": {"covered_lines": 25, "num_statements": 25, "percent_covered": 100.0, "percent_covered_display": "100", "missing_lines": 0, "excluded_lines": 0, "percent_statements_covered": 100.0, "percent_statements_covered_display": "100"}, "missing_lines": [], "excluded_lines": [], "start_line": 1}}, "classes": {"": {"executed_lines": [6, 7, 8, 9, 11, 12, 13, 14, 15, 17, 18, 21, 24, 25, 67, 77, 92, 93, 110, 113, 114, 129, 130, 186, 187], "summary": {"covered_lines": 25, "num_statements": 76, "percent_covered": 32.89473684210526, "percent_covered_display": "33", "missing_lines": 51, "excluded_lines": 0, "percent_statements_covered": 32.89473684210526, "percent_statements_covered_display": "33"}, "missing_lines": [37, 40, 41, 42, 43, 44, 45, 46, 49, 50, 52, 54, 55, 56, 58, 61, 62, 63, 95, 96, 116, 137, 139, 151, 152, 153, 154, 155, 156, 157, 158, 159, 162, 163, 165, 166, 168, 169, 170, 171, 172, 174, 177, 178, 183, 194, 195, 202, 207, 208, 215], "excluded_lines": [], "start_line": 1}}}, "src/mcp/__init__.py": {"executed_lines": [21, 31, 36], "summary": {"covered_lines": 3, "num_statements": 3, "percent_covered": 100.0, "percent_covered_display": "100", "missing_lines": 0, "excluded_lines": 0, "percent_statements_covered": 100.0, "percent_statements_covered_display": "100"}, "missing_lines": [], "excluded_lines": [], "functions": {"": {"executed_lines": [21, 31, 36], "summary": {"covered_lines": 3, "num_statements": 3, "percent_covered": 100.0, "percent_covered_display": "100", "missing_lines": 0, "excluded_lines": 0, "percent_statements_covered": 100.0, "percent_statements_covered_display": "100"}, "missing_lines": [], "excluded_lines": [], "start_line": 1}}, "classes": {"": {"executed_lines": [21, 31, 36], "summary": {"covered_lines": 3, "num_statements": 3, "percent_covered": 100.0, "percent_covered_display": "100", "missing_lines": 0, "excluded_lines": 0, "percent_statements_covered": 100.0, "percent_statements_covered_display": "100"}, "missing_lines": [], "excluded_lines": [], "start_line": 1}}}, "src/mcp/server.py": {"executed_lines": [23, 24, 25, 26, 27, 29, 30, 33, 52, 56, 58, 60, 61, 63, 67, 75, 76, 137, 138, 206, 207, 276, 277, 315, 316, 357, 358, 359, 361, 365, 368, 371, 372, 373, 377], "summary": {"covered_lines": 35, "num_statements": 133, "percent_covered": 26.31578947368421, "percent_covered_display": "26", "missing_lines": 98, "excluded_lines": 0, "percent_statements_covered": 26.31578947368421, "percent_statements_covered_display": "26"}, "missing_lines": [65, 69, 94, 95, 98, 99, 101, 102, 104, 105, 108, 109, 110, 111, 114, 121, 122, 123, 125, 151, 152, 155, 158, 159, 162, 165, 166, 168, 169, 170, 171, 172, 174, 177, 178, 179, 180, 181, 183, 185, 186, 187, 193, 197, 198, 200, 227, 228, 231, 232, 233, 235, 236, 239, 240, 241, 242, 243, 244, 246, 247, 248, 249, 251, 252, 253, 254, 255, 258, 259, 261, 262, 264, 291, 292, 295, 296, 297, 299, 300, 303, 306, 307, 309, 332, 333, 336, 337, 338, 340, 341, 344, 347, 348, 350, 351, 353, 354], "excluded_lines": [], "functions": {"create_mcp_server": {"executed_lines": [52, 56, 58, 63, 67, 75, 76, 137, 138, 206, 207, 276, 277, 315, 316, 357, 358, 359, 361], "summary": {"covered_lines": 19, "num_statements": 19, "percent_covered": 100.0, "percent_covered_display": "100", "missing_lines": 0, "excluded_lines": 0, "percent_statements_covered": 100.0, "percent_statements_covered_display": "100"}, "missing_lines": [], "excluded_lines": [], "start_line": 33}, "create_mcp_server.set_session_context": {"executed_lines": [60, 61], "summary": {"covered_lines": 2, "num_statements": 2, "percent_covered": 100.0, "percent_covered_display": "100", "missing_lines": 0, "excluded_lines": 0, "percent_statements_covered": 100.0, "percent_statements_covered_display": "100"}, "missing_lines": [], "excluded_lines": [], "start_line": 58}, "create_mcp_server.get_session": {"executed_lines": [], "summary": {"covered_lines": 0, "num_statements": 1, "percent_covered": 0.0, "percent_covered_display": "0", "missing_lines": 1, "excluded_lines": 0, "percent_statements_covered": 0.0, "percent_statements_covered_display": "0"}, "missing_lines": [65], "excluded_lines": [], "start_line": 63}, "create_mcp_server.get_user_id": {"executed_lines": [], "summary": {"covered_lines": 0, "num_statements": 1, "percent_covered": 0.0, "percent_covered_display": "0", "missing_lines": 1, "excluded_lines": 0, "percent_statements_covered": 0.0, "percent_statements_covered_display": "0"}, "missing_lines": [69], "excluded_lines": [], "start_line": 67}, "create_mcp_server.add_task": {"executed_lines": [], "summary": {"covered_lines": 0, "num_statements": 17, "percent_covered": 0.0, "percent_covered_display": "0", "missing_lines": 17, "excluded_lines": 0, "percent_statements_covered": 0.0, "percent_statements_covered_display": "0"}, "missing_lines": [94, 95, 98, 99, 101, 102, 104, 105, 108, 109, 110, 111, 114, 121, 122, 123, 125], "excluded_lines": [], "start_line": 76}, "create_mcp_server.list_tasks": {"executed_lines": [], "summary": {"covered_lines": 0, "num_statements": 27, "percent_covered": 0.0, "percent_covered_display": "0", "missing_lines": 27, "excluded_lines": 0, "percent_statements_covered": 0.0, "percent_statements_covered_display": "0"}, "missing_lines": [151, 152, 155, 158, 159, 162, 165, 166, 168, 169, 170, 171, 172, 174, 177, 178, 179, 180, 181, 183, 185, 186, 187, 193, 197, 198, 200], "excluded_lines": [], "start_line": 138}, "create_mcp_server.update_task": {"executed_lines": [], "summary": {"covered_lines": 0, "num_statements": 27, "percent_covered": 0.0, "percent_covered_display": "0", "missing_lines": 27, "excluded_lines": 0, "percent_statements_covered": 0.0, "percent_statements_covered_display": "0"}, "missing_lines": [227, 228, 231, 232, 233, 235, 236, 239, 240, 241, 242, 243, 244, 246, 247, 248, 249, 251, 252, 253, 254, 255, 258, 259, 261, 262, 264], "excluded_lines": [], "start_line": 207}, "create_mcp_server.delete_task": {"executed_lines": [], "summary": {"covered_lines": 0, "num_statements": 11, "percent_covered": 0.0, "percent_covered_display": "0", "missing_lines": 11, "excluded_lines": 0, "percent_statements_covered": 0.0, "percent_statements_covered_display": "0"}, "missing_lines": [291, 292, 295, 296, 297, 299, 300, 303, 306, 307, 309], "excluded_lines": [], "start_line": 277}, "create_mcp_server.complete_task": {"executed_lines": [], "summary": {"covered_lines": 0, "num_statements": 14, "percent_covered": 0.0, "percent_covered_display": "0", "missing_lines": 14, "excluded_lines": 0, "percent_statements_covered": 0.0, "percent_statements_covered_display": "0"}, "missing_lines": [332, 333, 336, 337, 338, 340, 341, 344, 347, 348, 350, 351, 353, 354], "excluded_lines": [], "start_line": 316}, "get_mcp_server": {"executed_lines": [371, 372, 373], "summary": {"covered_lines": 3, "num_statements": 3, "percent_covered": 100.0, "percent_covered_display": "100", "missing_lines": 0, "excluded_lines": 0, "percent_statements_covered": 100.0, "percent_statements_covered_display": "100"}, "missing_lines": [], "excluded_lines": [], "start_line": 368}, "": {"executed_lines": [23, 24, 25, 26, 27, 29, 30, 33, 365, 368, 377], "summary": {"covered_lines": 11, "num_statements": 11, "percent_covered": 100.0, "percent_covered_display": "100", "missing_lines": 0, "excluded_lines": 0, "percent_statements_covered": 100.0, "percent_statements_covered_display": "100"}, "missing_lines": [], "excluded_lines": [], "start_line": 1}}, "classes": {"": {"executed_lines": [23, 24, 25, 26, 27, 29, 30, 33, 52, 56, 58, 60, 61, 63, 67, 75, 76, 137, 138, 206, 207, 276, 277, 315, 316, 357, 358, 359, 361, 365, 368, 371, 372, 373, 377], "summary": {"covered_lines": 35, "num_statements": 133, "percent_covered": 26.31578947368421, "percent_covered_display": "26", "missing_lines": 98, "excluded_lines": 0, "percent_statements_covered": 26.31578947368421, "percent_statements_covered_display": "26"}, "missing_lines": [65, 69, 94, 95, 98, 99, 101, 102, 104, 105, 108, 109, 110, 111, 114, 121, 122, 123, 125, 151, 152, 155, 158, 159, 162, 165, 166, 168, 169, 170, 171, 172, 174, 177, 178, 179, 180, 181, 183, 185, 186, 187, 193, 197, 198, 200, 227, 228, 231, 232, 233, 235, 236, 239, 240, 241, 242, 243, 244, 246, 247, 248, 249, 251, 252, 253, 254, 255, 258, 259, 261, 262, 264, 291, 292, 295, 296, 297, 299, 300, 303, 306, 307, 309, 332, 333, 336, 337, 338, 340, 341, 344, 347, 348, 350, 351, 353, 354], "excluded_lines": [], "start_line": 1}}}, "src/mcp/tools.py": {"executed_lines": [5, 6, 7, 9, 10, 13, 16, 26, 36, 100, 152, 230, 272], "summary": {"covered_lines": 13, "num_statements": 108, "percent_covered": 12.037037037037036, "percent_covered_display": "12", "missing_lines": 95, "excluded_lines": 0, "percent_statements_covered": 12.037037037037036, "percent_statements_covered_display": "12"}, "missing_lines": [22, 23, 24, 28, 29, 30, 31, 32, 33, 55, 57, 58, 60, 61, 63, 64, 67, 68, 69, 70, 73, 80, 81, 82, 84, 95, 96, 97, 115, 117, 120, 121, 124, 127, 128, 130, 148, 149, 173, 175, 176, 177, 179, 180, 185, 186, 187, 188, 189, 190, 192, 193, 194, 197, 199, 200, 201, 202, 203, 208, 209, 211, 212, 214, 225, 226, 227, 245, 247, 248, 249, 251, 252, 257, 258, 260, 267, 268, 269, 289, 291, 292, 293, 295, 296, 301, 304, 305, 307, 308, 310, 312, 322, 323, 324], "excluded_lines": [], "functions": {"ToolResult.__init__": {"executed_lines": [], "summary": {"covered_lines": 0, "num_statements": 3, "percent_covered": 0.0, "percent_covered_display": "0", "missing_lines": 3, "excluded_lines": 0, "percent_statements_covered": 0.0, "percent_statements_covered_display": "0"}, "missing_lines": [22, 23, 24], "excluded_lines": [], "start_line": 16}, "ToolResult.to_dict": {"executed_lines": [], "summary": {"covered_lines": 0, "num_statements": 6, "percent_covered": 0.0, "percent_covered_display": "0", "missing_lines": 6, "excluded_lines": 0, "percent_statements_covered": 0.0, "percent_statements_covered_display": "0"}, "missing_lines": [28, 29, 30, 31, 32, 33], "excluded_lines": [], "start_line": 26}, "add_task": {"executed_lines": [], "summary": {"covered_lines": 0, "num_statements": 19, "percent_covered": 0.0, "percent_covered_display": "0", "missing_lines": 19, "excluded_lines": 0, "percent_statements_covered": 0.0, "percent_statements_covered_display": "0"}, "missing_lines": [55, 57, 58, 60, 61, 63, 64, 67, 68, 69, 70, 73, 80, 81, 82, 84, 95, 96, 97], "excluded_lines": [], "start_line": 36}, "list_tasks": {"executed_lines": [], "summary": {"covered_lines": 0, "num_statements": 10, "percent_covered": 0.0, "percent_covered_display": "0", "missing_lines": 10, "excluded_lines": 0, "percent_statements_covered": 0.0, "percent_statements_covered_display": "0"}, "missing_lines": [115, 117, 120, 121, 124, 127, 128, 130, 148, 149], "excluded_lines": [], "start_line": 100}, "update_task": {"executed_lines": [], "summary": {"covered_lines": 0, "num_statements": 29, "percent_covered": 0.0, "percent_covered_display": "0", "missing_lines": 29, "excluded_lines": 0, "percent_statements_covered": 0.0, "percent_statements_covered_display": "0"}, "missing_lines": [173, 175, 176, 177, 179, 180, 185, 186, 187, 188, 189, 190, 192, 193, 194, 197, 199, 200, 201, 202, 203, 208, 209, 211, 212, 214, 225, 226, 227], "excluded_lines": [], "start_line": 152}, "delete_task": {"executed_lines": [], "summary": {"covered_lines": 0, "num_statements": 12, "percent_covered": 0.0, "percent_covered_display": "0", "missing_lines": 12, "excluded_lines": 0, "percent_statements_covered": 0.0, "percent_statements_covered_display": "0"}, "missing_lines": [245, 247, 248, 249, 251, 252, 257, 258, 260, 267, 268, 269], "excluded_lines": [], "start_line": 230}, "complete_task": {"executed_lines": [], "summary": {"covered_lines": 0, "num_statements": 16, "percent_covered": 0.0, "percent_covered_display": "0", "missing_lines": 16, "excluded_lines": 0, "percent_statements_covered": 0.0, "percent_statements_covered_display": "0"}, "missing_lines": [289, 291, 292, 293, 295, 296, 301, 304, 305, 307, 308, 310, 312, 322, 323, 324], "excluded_lines": [], "start_line": 272}, "": {"executed_lines": [5, 6, 7, 9, 10, 13, 16, 26, 36, 100, 152, 230, 272], "summary": {"covered_lines": 13, "num_statements": 13, "percent_covered": 100.0, "percent_covered_display": "100", "missing_lines": 0, "excluded_lines": 0, "percent_statements_covered": 100.0, "percent_statements_covered_display": "100"}, "missing_lines": [], "excluded_lines": [], "start_line": 1}}, "classes": {"ToolResult": {"executed_lines": [], "summary": {"covered_lines": 0, "num_statements": 9, "percent_covered": 0.0, "percent_covered_display": "0", "missing_lines": 9, "excluded_lines": 0, "percent_statements_covered": 0.0, "percent_statements_covered_display": "0"}, "missing_lines": [22, 23, 24, 28, 29, 30, 31, 32, 33], "excluded_lines": [], "start_line": 13}, "": {"executed_lines": [5, 6, 7, 9, 10, 13, 16, 26, 36, 100, 152, 230, 272], "summary": {"covered_lines": 13, "num_statements": 99, "percent_covered": 13.131313131313131, "percent_covered_display": "13", "missing_lines": 86, "excluded_lines": 0, "percent_statements_covered": 13.131313131313131, "percent_statements_covered_display": "13"}, "missing_lines": [55, 57, 58, 60, 61, 63, 64, 67, 68, 69, 70, 73, 80, 81, 82, 84, 95, 96, 97, 115, 117, 120, 121, 124, 127, 128, 130, 148, 149, 173, 175, 176, 177, 179, 180, 185, 186, 187, 188, 189, 190, 192, 193, 194, 197, 199, 200, 201, 202, 203, 208, 209, 211, 212, 214, 225, 226, 227, 245, 247, 248, 249, 251, 252, 257, 258, 260, 267, 268, 269, 289, 291, 292, 293, 295, 296, 301, 304, 305, 307, 308, 310, 312, 322, 323, 324], "excluded_lines": [], "start_line": 1}}}, "src/models/__init__.py": {"executed_lines": [5, 6, 7, 8, 9, 10, 12], "summary": {"covered_lines": 7, "num_statements": 7, "percent_covered": 100.0, "percent_covered_display": "100", "missing_lines": 0, "excluded_lines": 0, "percent_statements_covered": 100.0, "percent_statements_covered_display": "100"}, "missing_lines": [], "excluded_lines": [], "functions": {"": {"executed_lines": [5, 6, 7, 8, 9, 10, 12], "summary": {"covered_lines": 7, "num_statements": 7, "percent_covered": 100.0, "percent_covered_display": "100", "missing_lines": 0, "excluded_lines": 0, "percent_statements_covered": 100.0, "percent_statements_covered_display": "100"}, "missing_lines": [], "excluded_lines": [], "start_line": 1}}, "classes": {"": {"executed_lines": [5, 6, 7, 8, 9, 10, 12], "summary": {"covered_lines": 7, "num_statements": 7, "percent_covered": 100.0, "percent_covered_display": "100", "missing_lines": 0, "excluded_lines": 0, "percent_statements_covered": 100.0, "percent_statements_covered_display": "100"}, "missing_lines": [], "excluded_lines": [], "start_line": 1}}}, "src/models/conversation.py": {"executed_lines": [5, 6, 7, 8, 11, 13, 16, 23, 25, 26, 27, 28, 31], "summary": {"covered_lines": 13, "num_statements": 13, "percent_covered": 100.0, "percent_covered_display": "100", "missing_lines": 0, "excluded_lines": 0, "percent_statements_covered": 100.0, "percent_statements_covered_display": "100"}, "missing_lines": [], "excluded_lines": [], "functions": {"": {"executed_lines": [5, 6, 7, 8, 11, 13, 16, 23, 25, 26, 27, 28, 31], "summary": {"covered_lines": 13, "num_statements": 13, "percent_covered": 100.0, "percent_covered_display": "100", "missing_lines": 0, "excluded_lines": 0, "percent_statements_covered": 100.0, "percent_statements_covered_display": "100"}, "missing_lines": [], "excluded_lines": [], "start_line": 1}}, "classes": {"ConversationBase": {"executed_lines": [], "summary": {"covered_lines": 0, "num_statements": 0, "percent_covered": 100.0, "percent_covered_display": "100", "missing_lines": 0, "excluded_lines": 0, "percent_statements_covered": 100.0, "percent_statements_covered_display": "100"}, "missing_lines": [], "excluded_lines": [], "start_line": 11}, "Conversation": {"executed_lines": [], "summary": {"covered_lines": 0, "num_statements": 0, "percent_covered": 100.0, "percent_covered_display": "100", "missing_lines": 0, "excluded_lines": 0, "percent_statements_covered": 100.0, "percent_statements_covered_display": "100"}, "missing_lines": [], "excluded_lines": [], "start_line": 16}, "": {"executed_lines": [5, 6, 7, 8, 11, 13, 16, 23, 25, 26, 27, 28, 31], "summary": {"covered_lines": 13, "num_statements": 13, "percent_covered": 100.0, "percent_covered_display": "100", "missing_lines": 0, "excluded_lines": 0, "percent_statements_covered": 100.0, "percent_statements_covered_display": "100"}, "missing_lines": [], "excluded_lines": [], "start_line": 1}}}, "src/models/message.py": {"executed_lines": [5, 6, 7, 8, 9, 12, 14, 15, 16, 19, 21, 22, 25, 32, 34, 35, 36, 37, 40], "summary": {"covered_lines": 19, "num_statements": 19, "percent_covered": 100.0, "percent_covered_display": "100", "missing_lines": 0, "excluded_lines": 0, "percent_statements_covered": 100.0, "percent_statements_covered_display": "100"}, "missing_lines": [], "excluded_lines": [], "functions": {"": {"executed_lines": [5, 6, 7, 8, 9, 12, 14, 15, 16, 19, 21, 22, 25, 32, 34, 35, 36, 37, 40], "summary": {"covered_lines": 19, "num_statements": 19, "percent_covered": 100.0, "percent_covered_display": "100", "missing_lines": 0, "excluded_lines": 0, "percent_statements_covered": 100.0, "percent_statements_covered_display": "100"}, "missing_lines": [], "excluded_lines": [], "start_line": 1}}, "classes": {"MessageRole": {"executed_lines": [], "summary": {"covered_lines": 0, "num_statements": 0, "percent_covered": 100.0, "percent_covered_display": "100", "missing_lines": 0, "excluded_lines": 0, "percent_statements_covered": 100.0, "percent_statements_covered_display": "100"}, "missing_lines": [], "excluded_lines": [], "start_line": 12}, "MessageBase": {"executed_lines": [], "summary": {"covered_lines": 0, "num_statements": 0, "percent_covered": 100.0, "percent_covered_display": "100", "missing_lines": 0, "excluded_lines": 0, "percent_statements_covered": 100.0, "percent_statements_covered_display": "100"}, "missing_lines": [], "excluded_lines": [], "start_line": 19}, "Message": {"executed_lines": [], "summary": {"covered_lines": 0, "num_statements": 0, "percent_covered": 100.0, "percent_covered_display": "100", "missing_lines": 0, "excluded_lines": 0, "percent_statements_covered": 100.0, "percent_statements_covered_display": "100"}, "missing_lines": [], "excluded_lines": [], "start_line": 25}, "": {"executed_lines": [5, 6, 7, 8, 9, 12, 14, 15, 16, 19, 21, 22, 25, 32, 34, 35, 36, 37, 40], "summary": {"covered_lines": 19, "num_statements": 19, "percent_covered": 100.0, "percent_covered_display": "100", "missing_lines": 0, "excluded_lines": 0, "percent_statements_covered": 100.0, "percent_statements_covered_display": "100"}, "missing_lines": [], "excluded_lines": [], "start_line": 1}}}, "src/models/tag.py": {"executed_lines": [5, 6, 7, 8, 14, 16, 17, 20, 22, 24, 26, 27, 28, 31], "summary": {"covered_lines": 14, "num_statements": 14, "percent_covered": 100.0, "percent_covered_display": "100", "missing_lines": 0, "excluded_lines": 2, "percent_statements_covered": 100.0, "percent_statements_covered_display": "100"}, "missing_lines": [], "excluded_lines": [10, 11], "functions": {"": {"executed_lines": [5, 6, 7, 8, 14, 16, 17, 20, 22, 24, 26, 27, 28, 31], "summary": {"covered_lines": 14, "num_statements": 14, "percent_covered": 100.0, "percent_covered_display": "100", "missing_lines": 0, "excluded_lines": 2, "percent_statements_covered": 100.0, "percent_statements_covered_display": "100"}, "missing_lines": [], "excluded_lines": [10, 11], "start_line": 1}}, "classes": {"TagBase": {"executed_lines": [], "summary": {"covered_lines": 0, "num_statements": 0, "percent_covered": 100.0, "percent_covered_display": "100", "missing_lines": 0, "excluded_lines": 0, "percent_statements_covered": 100.0, "percent_statements_covered_display": "100"}, "missing_lines": [], "excluded_lines": [], "start_line": 14}, "Tag": {"executed_lines": [], "summary": {"covered_lines": 0, "num_statements": 0, "percent_covered": 100.0, "percent_covered_display": "100", "missing_lines": 0, "excluded_lines": 0, "percent_statements_covered": 100.0, "percent_statements_covered_display": "100"}, "missing_lines": [], "excluded_lines": [], "start_line": 22}, "": {"executed_lines": [5, 6, 7, 8, 14, 16, 17, 20, 22, 24, 26, 27, 28, 31], "summary": {"covered_lines": 14, "num_statements": 14, "percent_covered": 100.0, "percent_covered_display": "100", "missing_lines": 0, "excluded_lines": 2, "percent_statements_covered": 100.0, "percent_statements_covered_display": "100"}, "missing_lines": [], "excluded_lines": [10, 11], "start_line": 1}}}, "src/models/task.py": {"executed_lines": [5, 6, 7, 8, 9, 10, 13, 15, 16, 17, 20, 23, 25, 26, 27, 30, 32, 34, 35, 36, 37, 38, 41], "summary": {"covered_lines": 23, "num_statements": 23, "percent_covered": 100.0, "percent_covered_display": "100", "missing_lines": 0, "excluded_lines": 0, "percent_statements_covered": 100.0, "percent_statements_covered_display": "100"}, "missing_lines": [], "excluded_lines": [], "functions": {"": {"executed_lines": [5, 6, 7, 8, 9, 10, 13, 15, 16, 17, 20, 23, 25, 26, 27, 30, 32, 34, 35, 36, 37, 38, 41], "summary": {"covered_lines": 23, "num_statements": 23, "percent_covered": 100.0, "percent_covered_display": "100", "missing_lines": 0, "excluded_lines": 0, "percent_statements_covered": 100.0, "percent_statements_covered_display": "100"}, "missing_lines": [], "excluded_lines": [], "start_line": 1}}, "classes": {"Priority": {"executed_lines": [], "summary": {"covered_lines": 0, "num_statements": 0, "percent_covered": 100.0, "percent_covered_display": "100", "missing_lines": 0, "excluded_lines": 0, "percent_statements_covered": 100.0, "percent_statements_covered_display": "100"}, "missing_lines": [], "excluded_lines": [], "start_line": 13}, "TaskBase": {"executed_lines": [], "summary": {"covered_lines": 0, "num_statements": 0, "percent_covered": 100.0, "percent_covered_display": "100", "missing_lines": 0, "excluded_lines": 0, "percent_statements_covered": 100.0, "percent_statements_covered_display": "100"}, "missing_lines": [], "excluded_lines": [], "start_line": 23}, "Task": {"executed_lines": [], "summary": {"covered_lines": 0, "num_statements": 0, "percent_covered": 100.0, "percent_covered_display": "100", "missing_lines": 0, "excluded_lines": 0, "percent_statements_covered": 100.0, "percent_statements_covered_display": "100"}, "missing_lines": [], "excluded_lines": [], "start_line": 30}, "": {"executed_lines": [5, 6, 7, 8, 9, 10, 13, 15, 16, 17, 20, 23, 25, 26, 27, 30, 32, 34, 35, 36, 37, 38, 41], "summary": {"covered_lines": 23, "num_statements": 23, "percent_covered": 100.0, "percent_covered_display": "100", "missing_lines": 0, "excluded_lines": 0, "percent_statements_covered": 100.0, "percent_statements_covered_display": "100"}, "missing_lines": [], "excluded_lines": [], "start_line": 1}}}, "src/models/task_tag.py": {"executed_lines": [1, 2, 3, 5, 7, 9, 10], "summary": {"covered_lines": 7, "num_statements": 7, "percent_covered": 100.0, "percent_covered_display": "100", "missing_lines": 0, "excluded_lines": 0, "percent_statements_covered": 100.0, "percent_statements_covered_display": "100"}, "missing_lines": [], "excluded_lines": [], "functions": {"": {"executed_lines": [1, 2, 3, 5, 7, 9, 10], "summary": {"covered_lines": 7, "num_statements": 7, "percent_covered": 100.0, "percent_covered_display": "100", "missing_lines": 0, "excluded_lines": 0, "percent_statements_covered": 100.0, "percent_statements_covered_display": "100"}, "missing_lines": [], "excluded_lines": [], "start_line": 1}}, "classes": {"TaskTag": {"executed_lines": [], "summary": {"covered_lines": 0, "num_statements": 0, "percent_covered": 100.0, "percent_covered_display": "100", "missing_lines": 0, "excluded_lines": 0, "percent_statements_covered": 100.0, "percent_statements_covered_display": "100"}, "missing_lines": [], "excluded_lines": [], "start_line": 5}, "": {"executed_lines": [1, 2, 3, 5, 7, 9, 10], "summary": {"covered_lines": 7, "num_statements": 7, "percent_covered": 100.0, "percent_covered_display": "100", "missing_lines": 0, "excluded_lines": 0, "percent_statements_covered": 100.0, "percent_statements_covered_display": "100"}, "missing_lines": [], "excluded_lines": [], "start_line": 1}}}, "src/models/user.py": {"executed_lines": [1, 2, 3, 4, 6, 11, 13, 14, 15, 16, 17, 18, 19, 23, 24], "summary": {"covered_lines": 15, "num_statements": 15, "percent_covered": 100.0, "percent_covered_display": "100", "missing_lines": 0, "excluded_lines": 0, "percent_statements_covered": 100.0, "percent_statements_covered_display": "100"}, "missing_lines": [], "excluded_lines": [], "functions": {"": {"executed_lines": [1, 2, 3, 4, 6, 11, 13, 14, 15, 16, 17, 18, 19, 23, 24], "summary": {"covered_lines": 15, "num_statements": 15, "percent_covered": 100.0, "percent_covered_display": "100", "missing_lines": 0, "excluded_lines": 0, "percent_statements_covered": 100.0, "percent_statements_covered_display": "100"}, "missing_lines": [], "excluded_lines": [], "start_line": 1}}, "classes": {"User": {"executed_lines": [], "summary": {"covered_lines": 0, "num_statements": 0, "percent_covered": 100.0, "percent_covered_display": "100", "missing_lines": 0, "excluded_lines": 0, "percent_statements_covered": 100.0, "percent_statements_covered_display": "100"}, "missing_lines": [], "excluded_lines": [], "start_line": 6}, "": {"executed_lines": [1, 2, 3, 4, 6, 11, 13, 14, 15, 16, 17, 18, 19, 23, 24], "summary": {"covered_lines": 15, "num_statements": 15, "percent_covered": 100.0, "percent_covered_display": "100", "missing_lines": 0, "excluded_lines": 0, "percent_statements_covered": 100.0, "percent_statements_covered_display": "100"}, "missing_lines": [], "excluded_lines": [], "start_line": 1}}}, "src/schemas/__init__.py": {"executed_lines": [4, 10, 16, 22], "summary": {"covered_lines": 4, "num_statements": 4, "percent_covered": 100.0, "percent_covered_display": "100", "missing_lines": 0, "excluded_lines": 0, "percent_statements_covered": 100.0, "percent_statements_covered_display": "100"}, "missing_lines": [], "excluded_lines": [], "functions": {"": {"executed_lines": [4, 10, 16, 22], "summary": {"covered_lines": 4, "num_statements": 4, "percent_covered": 100.0, "percent_covered_display": "100", "missing_lines": 0, "excluded_lines": 0, "percent_statements_covered": 100.0, "percent_statements_covered_display": "100"}, "missing_lines": [], "excluded_lines": [], "start_line": 1}}, "classes": {"": {"executed_lines": [4, 10, 16, 22], "summary": {"covered_lines": 4, "num_statements": 4, "percent_covered": 100.0, "percent_covered_display": "100", "missing_lines": 0, "excluded_lines": 0, "percent_statements_covered": 100.0, "percent_statements_covered_display": "100"}, "missing_lines": [], "excluded_lines": [], "start_line": 1}}}, "src/schemas/chat.py": {"executed_lines": [5, 6, 7, 10, 13, 14, 15, 16, 19, 22, 23, 28, 29, 30, 50, 53, 54, 55, 61, 64, 65, 66, 67, 68, 71, 74, 80, 83, 84, 85, 86, 87, 93, 96, 99, 102, 103], "summary": {"covered_lines": 37, "num_statements": 42, "percent_covered": 88.0952380952381, "percent_covered_display": "88", "missing_lines": 5, "excluded_lines": 0, "percent_statements_covered": 88.0952380952381, "percent_statements_covered_display": "88"}, "missing_lines": [40, 44, 45, 46, 47], "excluded_lines": [], "functions": {"ChatRequest.sanitize_message": {"executed_lines": [], "summary": {"covered_lines": 0, "num_statements": 5, "percent_covered": 0.0, "percent_covered_display": "0", "missing_lines": 5, "excluded_lines": 0, "percent_statements_covered": 0.0, "percent_statements_covered_display": "0"}, "missing_lines": [40, 44, 45, 46, 47], "excluded_lines": [], "start_line": 30}, "": {"executed_lines": [5, 6, 7, 10, 13, 14, 15, 16, 19, 22, 23, 28, 29, 30, 50, 53, 54, 55, 61, 64, 65, 66, 67, 68, 71, 74, 80, 83, 84, 85, 86, 87, 93, 96, 99, 102, 103], "summary": {"covered_lines": 37, "num_statements": 37, "percent_covered": 100.0, "percent_covered_display": "100", "missing_lines": 0, "excluded_lines": 0, "percent_statements_covered": 100.0, "percent_statements_covered_display": "100"}, "missing_lines": [], "excluded_lines": [], "start_line": 1}}, "classes": {"ChatMessage": {"executed_lines": [], "summary": {"covered_lines": 0, "num_statements": 0, "percent_covered": 100.0, "percent_covered_display": "100", "missing_lines": 0, "excluded_lines": 0, "percent_statements_covered": 100.0, "percent_statements_covered_display": "100"}, "missing_lines": [], "excluded_lines": [], "start_line": 10}, "ChatRequest": {"executed_lines": [], "summary": {"covered_lines": 0, "num_statements": 5, "percent_covered": 0.0, "percent_covered_display": "0", "missing_lines": 5, "excluded_lines": 0, "percent_statements_covered": 0.0, "percent_statements_covered_display": "0"}, "missing_lines": [40, 44, 45, 46, 47], "excluded_lines": [], "start_line": 19}, "ChatResponse": {"executed_lines": [], "summary": {"covered_lines": 0, "num_statements": 0, "percent_covered": 100.0, "percent_covered_display": "100", "missing_lines": 0, "excluded_lines": 0, "percent_statements_covered": 100.0, "percent_statements_covered_display": "100"}, "missing_lines": [], "excluded_lines": [], "start_line": 50}, "ConversationSummary": {"executed_lines": [], "summary": {"covered_lines": 0, "num_statements": 0, "percent_covered": 100.0, "percent_covered_display": "100", "missing_lines": 0, "excluded_lines": 0, "percent_statements_covered": 100.0, "percent_statements_covered_display": "100"}, "missing_lines": [], "excluded_lines": [], "start_line": 61}, "ConversationListResponse": {"executed_lines": [], "summary": {"covered_lines": 0, "num_statements": 0, "percent_covered": 100.0, "percent_covered_display": "100", "missing_lines": 0, "excluded_lines": 0, "percent_statements_covered": 100.0, "percent_statements_covered_display": "100"}, "missing_lines": [], "excluded_lines": [], "start_line": 71}, "ConversationDetail": {"executed_lines": [], "summary": {"covered_lines": 0, "num_statements": 0, "percent_covered": 100.0, "percent_covered_display": "100", "missing_lines": 0, "excluded_lines": 0, "percent_statements_covered": 100.0, "percent_statements_covered_display": "100"}, "missing_lines": [], "excluded_lines": [], "start_line": 80}, "ConversationDetailResponse": {"executed_lines": [], "summary": {"covered_lines": 0, "num_statements": 0, "percent_covered": 100.0, "percent_covered_display": "100", "missing_lines": 0, "excluded_lines": 0, "percent_statements_covered": 100.0, "percent_statements_covered_display": "100"}, "missing_lines": [], "excluded_lines": [], "start_line": 93}, "ErrorResponse": {"executed_lines": [], "summary": {"covered_lines": 0, "num_statements": 0, "percent_covered": 100.0, "percent_covered_display": "100", "missing_lines": 0, "excluded_lines": 0, "percent_statements_covered": 100.0, "percent_statements_covered_display": "100"}, "missing_lines": [], "excluded_lines": [], "start_line": 99}, "": {"executed_lines": [5, 6, 7, 10, 13, 14, 15, 16, 19, 22, 23, 28, 29, 30, 50, 53, 54, 55, 61, 64, 65, 66, 67, 68, 71, 74, 80, 83, 84, 85, 86, 87, 93, 96, 99, 102, 103], "summary": {"covered_lines": 37, "num_statements": 37, "percent_covered": 100.0, "percent_covered_display": "100", "missing_lines": 0, "excluded_lines": 0, "percent_statements_covered": 100.0, "percent_statements_covered_display": "100"}, "missing_lines": [], "excluded_lines": [], "start_line": 1}}}, "src/schemas/tag.py": {"executed_lines": [5, 6, 7, 10, 12, 13, 16, 18, 19, 22, 24, 25, 26, 27, 28, 31, 33], "summary": {"covered_lines": 17, "num_statements": 17, "percent_covered": 100.0, "percent_covered_display": "100", "missing_lines": 0, "excluded_lines": 0, "percent_statements_covered": 100.0, "percent_statements_covered_display": "100"}, "missing_lines": [], "excluded_lines": [], "functions": {"": {"executed_lines": [5, 6, 7, 10, 12, 13, 16, 18, 19, 22, 24, 25, 26, 27, 28, 31, 33], "summary": {"covered_lines": 17, "num_statements": 17, "percent_covered": 100.0, "percent_covered_display": "100", "missing_lines": 0, "excluded_lines": 0, "percent_statements_covered": 100.0, "percent_statements_covered_display": "100"}, "missing_lines": [], "excluded_lines": [], "start_line": 1}}, "classes": {"TagCreate": {"executed_lines": [], "summary": {"covered_lines": 0, "num_statements": 0, "percent_covered": 100.0, "percent_covered_display": "100", "missing_lines": 0, "excluded_lines": 0, "percent_statements_covered": 100.0, "percent_statements_covered_display": "100"}, "missing_lines": [], "excluded_lines": [], "start_line": 10}, "TagUpdate": {"executed_lines": [], "summary": {"covered_lines": 0, "num_statements": 0, "percent_covered": 100.0, "percent_covered_display": "100", "missing_lines": 0, "excluded_lines": 0, "percent_statements_covered": 100.0, "percent_statements_covered_display": "100"}, "missing_lines": [], "excluded_lines": [], "start_line": 16}, "TagRead": {"executed_lines": [], "summary": {"covered_lines": 0, "num_statements": 0, "percent_covered": 100.0, "percent_covered_display": "100", "missing_lines": 0, "excluded_lines": 0, "percent_statements_covered": 100.0, "percent_statements_covered_display": "100"}, "missing_lines": [], "excluded_lines": [], "start_line": 22}, "TagReadWithCount": {"executed_lines": [], "summary": {"covered_lines": 0, "num_statements": 0, "percent_covered": 100.0, "percent_covered_display": "100", "missing_lines": 0, "excluded_lines": 0, "percent_statements_covered": 100.0, "percent_statements_covered_display": "100"}, "missing_lines": [], "excluded_lines": [], "start_line": 31}, "": {"executed_lines": [5, 6, 7, 10, 12, 13, 16, 18, 19, 22, 24, 25, 26, 27, 28, 31, 33], "summary": {"covered_lines": 17, "num_statements": 17, "percent_covered": 100.0, "percent_covered_display": "100", "missing_lines": 0, "excluded_lines": 0, "percent_statements_covered": 100.0, "percent_statements_covered_display": "100"}, "missing_lines": [], "excluded_lines": [], "start_line": 1}}}, "src/schemas/task.py": {"executed_lines": [5, 6, 7, 8, 9, 10, 11, 14, 16, 17, 18, 19, 22, 24, 25, 26, 27, 28, 31, 33, 34, 35, 36, 37, 38, 39, 40, 41, 43, 44, 48, 50], "summary": {"covered_lines": 32, "num_statements": 33, "percent_covered": 96.96969696969697, "percent_covered_display": "97", "missing_lines": 1, "excluded_lines": 0, "percent_statements_covered": 96.96969696969697, "percent_statements_covered_display": "97"}, "missing_lines": [45], "excluded_lines": [], "functions": {"TaskRead.serialize_datetime": {"executed_lines": [], "summary": {"covered_lines": 0, "num_statements": 1, "percent_covered": 0.0, "percent_covered_display": "0", "missing_lines": 1, "excluded_lines": 0, "percent_statements_covered": 0.0, "percent_statements_covered_display": "0"}, "missing_lines": [45], "excluded_lines": [], "start_line": 44}, "": {"executed_lines": [5, 6, 7, 8, 9, 10, 11, 14, 16, 17, 18, 19, 22, 24, 25, 26, 27, 28, 31, 33, 34, 35, 36, 37, 38, 39, 40, 41, 43, 44, 48, 50], "summary": {"covered_lines": 32, "num_statements": 32, "percent_covered": 100.0, "percent_covered_display": "100", "missing_lines": 0, "excluded_lines": 0, "percent_statements_covered": 100.0, "percent_statements_covered_display": "100"}, "missing_lines": [], "excluded_lines": [], "start_line": 1}}, "classes": {"TaskCreate": {"executed_lines": [], "summary": {"covered_lines": 0, "num_statements": 0, "percent_covered": 100.0, "percent_covered_display": "100", "missing_lines": 0, "excluded_lines": 0, "percent_statements_covered": 100.0, "percent_statements_covered_display": "100"}, "missing_lines": [], "excluded_lines": [], "start_line": 14}, "TaskUpdate": {"executed_lines": [], "summary": {"covered_lines": 0, "num_statements": 0, "percent_covered": 100.0, "percent_covered_display": "100", "missing_lines": 0, "excluded_lines": 0, "percent_statements_covered": 100.0, "percent_statements_covered_display": "100"}, "missing_lines": [], "excluded_lines": [], "start_line": 22}, "TaskRead": {"executed_lines": [], "summary": {"covered_lines": 0, "num_statements": 1, "percent_covered": 0.0, "percent_covered_display": "0", "missing_lines": 1, "excluded_lines": 0, "percent_statements_covered": 0.0, "percent_statements_covered_display": "0"}, "missing_lines": [45], "excluded_lines": [], "start_line": 31}, "TaskReadWithTags": {"executed_lines": [], "summary": {"covered_lines": 0, "num_statements": 0, "percent_covered": 100.0, "percent_covered_display": "100", "missing_lines": 0, "excluded_lines": 0, "percent_statements_covered": 100.0, "percent_statements_covered_display": "100"}, "missing_lines": [], "excluded_lines": [], "start_line": 48}, "": {"executed_lines": [5, 6, 7, 8, 9, 10, 11, 14, 16, 17, 18, 19, 22, 24, 25, 26, 27, 28, 31, 33, 34, 35, 36, 37, 38, 39, 40, 41, 43, 44, 48, 50], "summary": {"covered_lines": 32, "num_statements": 32, "percent_covered": 100.0, "percent_covered_display": "100", "missing_lines": 0, "excluded_lines": 0, "percent_statements_covered": 100.0, "percent_statements_covered_display": "100"}, "missing_lines": [], "excluded_lines": [], "start_line": 1}}}, "src/schemas/user.py": {"executed_lines": [4, 5, 6, 9, 11, 12, 15, 17, 20, 22, 23, 24, 25, 26, 27, 28, 31, 33, 34], "summary": {"covered_lines": 19, "num_statements": 19, "percent_covered": 100.0, "percent_covered_display": "100", "missing_lines": 0, "excluded_lines": 0, "percent_statements_covered": 100.0, "percent_statements_covered_display": "100"}, "missing_lines": [], "excluded_lines": [], "functions": {"": {"executed_lines": [4, 5, 6, 9, 11, 12, 15, 17, 20, 22, 23, 24, 25, 26, 27, 28, 31, 33, 34], "summary": {"covered_lines": 19, "num_statements": 19, "percent_covered": 100.0, "percent_covered_display": "100", "missing_lines": 0, "excluded_lines": 0, "percent_statements_covered": 100.0, "percent_statements_covered_display": "100"}, "missing_lines": [], "excluded_lines": [], "start_line": 1}}, "classes": {"UserBase": {"executed_lines": [], "summary": {"covered_lines": 0, "num_statements": 0, "percent_covered": 100.0, "percent_covered_display": "100", "missing_lines": 0, "excluded_lines": 0, "percent_statements_covered": 100.0, "percent_statements_covered_display": "100"}, "missing_lines": [], "excluded_lines": [], "start_line": 9}, "UserCreate": {"executed_lines": [], "summary": {"covered_lines": 0, "num_statements": 0, "percent_covered": 100.0, "percent_covered_display": "100", "missing_lines": 0, "excluded_lines": 0, "percent_statements_covered": 100.0, "percent_statements_covered_display": "100"}, "missing_lines": [], "excluded_lines": [], "start_line": 15}, "UserRead": {"executed_lines": [], "summary": {"covered_lines": 0, "num_statements": 0, "percent_covered": 100.0, "percent_covered_display": "100", "missing_lines": 0, "excluded_lines": 0, "percent_statements_covered": 100.0, "percent_statements_covered_display": "100"}, "missing_lines": [], "excluded_lines": [], "start_line": 20}, "UserLogin": {"executed_lines": [], "summary": {"covered_lines": 0, "num_statements": 0, "percent_covered": 100.0, "percent_covered_display": "100", "missing_lines": 0, "excluded_lines": 0, "percent_statements_covered": 100.0, "percent_statements_covered_display": "100"}, "missing_lines": [], "excluded_lines": [], "start_line": 31}, "": {"executed_lines": [4, 5, 6, 9, 11, 12, 15, 17, 20, 22, 23, 24, 25, 26, 27, 28, 31, 33, 34], "summary": {"covered_lines": 19, "num_statements": 19, "percent_covered": 100.0, "percent_covered_display": "100", "missing_lines": 0, "excluded_lines": 0, "percent_statements_covered": 100.0, "percent_statements_covered_display": "100"}, "missing_lines": [], "excluded_lines": [], "start_line": 1}}}, "src/security.py": {"executed_lines": [2, 3, 4, 5, 6, 8, 10, 12, 20, 29], "summary": {"covered_lines": 10, "num_statements": 28, "percent_covered": 35.714285714285715, "percent_covered_display": "36", "missing_lines": 18, "excluded_lines": 0, "percent_statements_covered": 35.714285714285715, "percent_statements_covered_display": "36"}, "missing_lines": [15, 16, 17, 18, 23, 24, 25, 26, 27, 31, 32, 33, 35, 38, 39, 41, 42, 43], "excluded_lines": [], "functions": {"verify_password": {"executed_lines": [], "summary": {"covered_lines": 0, "num_statements": 4, "percent_covered": 0.0, "percent_covered_display": "0", "missing_lines": 4, "excluded_lines": 0, "percent_statements_covered": 0.0, "percent_statements_covered_display": "0"}, "missing_lines": [15, 16, 17, 18], "excluded_lines": [], "start_line": 12}, "get_password_hash": {"executed_lines": [], "summary": {"covered_lines": 0, "num_statements": 5, "percent_covered": 0.0, "percent_covered_display": "0", "missing_lines": 5, "excluded_lines": 0, "percent_statements_covered": 0.0, "percent_statements_covered_display": "0"}, "missing_lines": [23, 24, 25, 26, 27], "excluded_lines": [], "start_line": 20}, "create_access_token": {"executed_lines": [], "summary": {"covered_lines": 0, "num_statements": 9, "percent_covered": 0.0, "percent_covered_display": "0", "missing_lines": 9, "excluded_lines": 0, "percent_statements_covered": 0.0, "percent_statements_covered_display": "0"}, "missing_lines": [31, 32, 33, 35, 38, 39, 41, 42, 43], "excluded_lines": [], "start_line": 29}, "": {"executed_lines": [2, 3, 4, 5, 6, 8, 10, 12, 20, 29], "summary": {"covered_lines": 10, "num_statements": 10, "percent_covered": 100.0, "percent_covered_display": "100", "missing_lines": 0, "excluded_lines": 0, "percent_statements_covered": 100.0, "percent_statements_covered_display": "100"}, "missing_lines": [], "excluded_lines": [], "start_line": 1}}, "classes": {"": {"executed_lines": [2, 3, 4, 5, 6, 8, 10, 12, 20, 29], "summary": {"covered_lines": 10, "num_statements": 28, "percent_covered": 35.714285714285715, "percent_covered_display": "36", "missing_lines": 18, "excluded_lines": 0, "percent_statements_covered": 35.714285714285715, "percent_statements_covered_display": "36"}, "missing_lines": [15, 16, 17, 18, 23, 24, 25, 26, 27, 31, 32, 33, 35, 38, 39, 41, 42, 43], "excluded_lines": [], "start_line": 1}}}, "src/services/conversation_service.py": {"executed_lines": [5, 6, 7, 9, 10, 12, 13, 14, 17, 26, 59, 125, 170, 193, 211, 229, 252], "summary": {"covered_lines": 17, "num_statements": 77, "percent_covered": 22.07792207792208, "percent_covered_display": "22", "missing_lines": 60, "excluded_lines": 0, "percent_statements_covered": 22.07792207792208, "percent_statements_covered_display": "22"}, "missing_lines": [41, 43, 44, 45, 47, 49, 56, 57, 78, 80, 81, 82, 83, 85, 89, 90, 92, 93, 95, 97, 99, 102, 103, 105, 106, 109, 112, 113, 119, 120, 121, 123, 146, 147, 154, 157, 158, 163, 165, 166, 168, 186, 190, 191, 209, 225, 226, 227, 245, 249, 250, 268, 269, 270, 272, 273, 275, 276, 277, 279], "excluded_lines": [], "functions": {"ConversationService._ensure_user_exists": {"executed_lines": [], "summary": {"covered_lines": 0, "num_statements": 8, "percent_covered": 0.0, "percent_covered_display": "0", "missing_lines": 8, "excluded_lines": 0, "percent_statements_covered": 0.0, "percent_statements_covered_display": "0"}, "missing_lines": [41, 43, 44, 45, 47, 49, 56, 57], "excluded_lines": [], "start_line": 26}, "ConversationService.get_or_create_conversation": {"executed_lines": [], "summary": {"covered_lines": 0, "num_statements": 24, "percent_covered": 0.0, "percent_covered_display": "0", "missing_lines": 24, "excluded_lines": 0, "percent_statements_covered": 0.0, "percent_statements_covered_display": "0"}, "missing_lines": [78, 80, 81, 82, 83, 85, 89, 90, 92, 93, 95, 97, 99, 102, 103, 105, 106, 109, 112, 113, 119, 120, 121, 123], "excluded_lines": [], "start_line": 59}, "ConversationService.add_message": {"executed_lines": [], "summary": {"covered_lines": 0, "num_statements": 9, "percent_covered": 0.0, "percent_covered_display": "0", "missing_lines": 9, "excluded_lines": 0, "percent_statements_covered": 0.0, "percent_statements_covered_display": "0"}, "missing_lines": [146, 147, 154, 157, 158, 163, 165, 166, 168], "excluded_lines": [], "start_line": 125}, "ConversationService.get_conversation_messages": {"executed_lines": [], "summary": {"covered_lines": 0, "num_statements": 3, "percent_covered": 0.0, "percent_covered_display": "0", "missing_lines": 3, "excluded_lines": 0, "percent_statements_covered": 0.0, "percent_statements_covered_display": "0"}, "missing_lines": [186, 190, 191], "excluded_lines": [], "start_line": 170}, "ConversationService.get_messages": {"executed_lines": [], "summary": {"covered_lines": 0, "num_statements": 1, "percent_covered": 0.0, "percent_covered_display": "0", "missing_lines": 1, "excluded_lines": 0, "percent_statements_covered": 0.0, "percent_statements_covered_display": "0"}, "missing_lines": [209], "excluded_lines": [], "start_line": 193}, "ConversationService.get_conversation": {"executed_lines": [], "summary": {"covered_lines": 0, "num_statements": 3, "percent_covered": 0.0, "percent_covered_display": "0", "missing_lines": 3, "excluded_lines": 0, "percent_statements_covered": 0.0, "percent_statements_covered_display": "0"}, "missing_lines": [225, 226, 227], "excluded_lines": [], "start_line": 211}, "ConversationService.get_user_conversations": {"executed_lines": [], "summary": {"covered_lines": 0, "num_statements": 3, "percent_covered": 0.0, "percent_covered_display": "0", "missing_lines": 3, "excluded_lines": 0, "percent_statements_covered": 0.0, "percent_statements_covered_display": "0"}, "missing_lines": [245, 249, 250], "excluded_lines": [], "start_line": 229}, "ConversationService.update_conversation_title": {"executed_lines": [], "summary": {"covered_lines": 0, "num_statements": 9, "percent_covered": 0.0, "percent_covered_display": "0", "missing_lines": 9, "excluded_lines": 0, "percent_statements_covered": 0.0, "percent_statements_covered_display": "0"}, "missing_lines": [268, 269, 270, 272, 273, 275, 276, 277, 279], "excluded_lines": [], "start_line": 252}, "": {"executed_lines": [5, 6, 7, 9, 10, 12, 13, 14, 17, 26, 59, 125, 170, 193, 211, 229, 252], "summary": {"covered_lines": 17, "num_statements": 17, "percent_covered": 100.0, "percent_covered_display": "100", "missing_lines": 0, "excluded_lines": 0, "percent_statements_covered": 100.0, "percent_statements_covered_display": "100"}, "missing_lines": [], "excluded_lines": [], "start_line": 1}}, "classes": {"ConversationService": {"executed_lines": [], "summary": {"covered_lines": 0, "num_statements": 60, "percent_covered": 0.0, "percent_covered_display": "0", "missing_lines": 60, "excluded_lines": 0, "percent_statements_covered": 0.0, "percent_statements_covered_display": "0"}, "missing_lines": [41, 43, 44, 45, 47, 49, 56, 57, 78, 80, 81, 82, 83, 85, 89, 90, 92, 93, 95, 97, 99, 102, 103, 105, 106, 109, 112, 113, 119, 120, 121, 123, 146, 147, 154, 157, 158, 163, 165, 166, 168, 186, 190, 191, 209, 225, 226, 227, 245, 249, 250, 268, 269, 270, 272, 273, 275, 276, 277, 279], "excluded_lines": [], "start_line": 17}, "": {"executed_lines": [5, 6, 7, 9, 10, 12, 13, 14, 17, 26, 59, 125, 170, 193, 211, 229, 252], "summary": {"covered_lines": 17, "num_statements": 17, "percent_covered": 100.0, "percent_covered_display": "100", "missing_lines": 0, "excluded_lines": 0, "percent_statements_covered": 100.0, "percent_statements_covered_display": "100"}, "missing_lines": [], "excluded_lines": [], "start_line": 1}}}, "src/services/user_service.py": {"executed_lines": [4, 5, 6, 7, 9, 12, 15, 16, 75, 76, 90, 91], "summary": {"covered_lines": 12, "num_statements": 44, "percent_covered": 27.272727272727273, "percent_covered_display": "27", "missing_lines": 32, "excluded_lines": 0, "percent_statements_covered": 27.272727272727273, "percent_statements_covered_display": "27"}, "missing_lines": [43, 44, 45, 46, 49, 50, 51, 53, 55, 59, 67, 70, 71, 73, 81, 82, 83, 84, 86, 87, 88, 98, 99, 100, 102, 103, 104, 105, 107, 108, 109, 111], "excluded_lines": [], "functions": {"UserService.get_or_create_user_from_jwt": {"executed_lines": [], "summary": {"covered_lines": 0, "num_statements": 14, "percent_covered": 0.0, "percent_covered_display": "0", "missing_lines": 14, "excluded_lines": 0, "percent_statements_covered": 0.0, "percent_statements_covered_display": "0"}, "missing_lines": [43, 44, 45, 46, 49, 50, 51, 53, 55, 59, 67, 70, 71, 73], "excluded_lines": [], "start_line": 16}, "UserService.get_user_by_id": {"executed_lines": [], "summary": {"covered_lines": 0, "num_statements": 7, "percent_covered": 0.0, "percent_covered_display": "0", "missing_lines": 7, "excluded_lines": 0, "percent_statements_covered": 0.0, "percent_statements_covered_display": "0"}, "missing_lines": [81, 82, 83, 84, 86, 87, 88], "excluded_lines": [], "start_line": 76}, "UserService.update_user": {"executed_lines": [], "summary": {"covered_lines": 0, "num_statements": 11, "percent_covered": 0.0, "percent_covered_display": "0", "missing_lines": 11, "excluded_lines": 0, "percent_statements_covered": 0.0, "percent_statements_covered_display": "0"}, "missing_lines": [98, 99, 100, 102, 103, 104, 105, 107, 108, 109, 111], "excluded_lines": [], "start_line": 91}, "": {"executed_lines": [4, 5, 6, 7, 9, 12, 15, 16, 75, 76, 90, 91], "summary": {"covered_lines": 12, "num_statements": 12, "percent_covered": 100.0, "percent_covered_display": "100", "missing_lines": 0, "excluded_lines": 0, "percent_statements_covered": 100.0, "percent_statements_covered_display": "100"}, "missing_lines": [], "excluded_lines": [], "start_line": 1}}, "classes": {"UserService": {"executed_lines": [], "summary": {"covered_lines": 0, "num_statements": 32, "percent_covered": 0.0, "percent_covered_display": "0", "missing_lines": 32, "excluded_lines": 0, "percent_statements_covered": 0.0, "percent_statements_covered_display": "0"}, "missing_lines": [43, 44, 45, 46, 49, 50, 51, 53, 55, 59, 67, 70, 71, 73, 81, 82, 83, 84, 86, 87, 88, 98, 99, 100, 102, 103, 104, 105, 107, 108, 109, 111], "excluded_lines": [], "start_line": 12}, "": {"executed_lines": [4, 5, 6, 7, 9, 12, 15, 16, 75, 76, 90, 91], "summary": {"covered_lines": 12, "num_statements": 12, "percent_covered": 100.0, "percent_covered_display": "100", "missing_lines": 0, "excluded_lines": 0, "percent_statements_covered": 100.0, "percent_statements_covered_display": "100"}, "missing_lines": [], "excluded_lines": [], "start_line": 1}}}}, "totals": {"covered_lines": 535, "num_statements": 1272, "percent_covered": 42.05974842767296, "percent_covered_display": "42", "missing_lines": 737, "excluded_lines": 2, "percent_statements_covered": 42.05974842767296, "percent_statements_covered_display": "42"}}