{"meta": {"format": 3, "version": "7.13.1", "timestamp": "2026-01-20T14:39:05.945868", "branch_coverage": false, "show_contexts": false}, "files": {"src/__init__.py": {"executed_lines": [], "summary": {"covered_lines": 0, "num_statements": 0, "percent_covered": 100.0, "percent_covered_display": "100", "missing_lines": 0, "excluded_lines": 0, "percent_statements_covered": 100.0, "percent_statements_covered_display": "100"}, "missing_lines": [], "excluded_lines": [], "functions": {"": {"executed_lines": [], "summary": {"covered_lines": 0, "num_statements": 0, "percent_covered": 100.0, "percent_covered_display": "100", "missing_lines": 0, "excluded_lines": 0, "percent_statements_covered": 100.0, "percent_statements_covered_display": "100"}, "missing_lines": [], "excluded_lines": [], "start_line": 1}}, "classes": {"": {"executed_lines": [], "summary": {"covered_lines": 0, "num_statements": 0, "percent_covered": 100.0, "percent_covered_display": "100", "missing_lines": 0, "excluded_lines": 0, "percent_statements_covered": 100.0, "percent_statements_covered_display": "100"}, "missing_lines": [], "excluded_lines": [], "start_line": 1}}}, "src/agent/__init__.py": {"executed_lines": [5, 7], "summary": {"covered_lines": 2, "num_statements": 2, "percent_covered": 100.0, "percent_covered_display": "100", "missing_lines": 0, "excluded_lines": 0, "percent_statements_covered": 100.0, "percent_statements_covered_display": "100"}, "missing_lines": [], "excluded_lines": [], "functions": {"": {"executed_lines": [5, 7], "summary": {"covered_lines": 2, "num_statements": 2, "percent_covered": 100.0, "percent_covered_display": "100", "missing_lines": 0, "excluded_lines": 0, "percent_statements_covered": 100.0, "percent_statements_covered_display": "100"}, "missing_lines": [], "excluded_lines": [], "start_line": 1}}, "classes": {"": {"executed_lines": [5, 7], "summary": {"covered_lines": 2, "num_statements": 2, "percent_covered": 100.0, "percent_covered_display": "100", "missing_lines": 0, "excluded_lines": 0, "percent_statements_covered": 100.0, "percent_statements_covered_display": "100"}, "missing_lines": [], "excluded_lines": [], "start_line": 1}}}, "src/agent/orchestrator.py": {"executed_lines": [5, 6, 7, 9, 10, 11, 13, 20, 22, 23, 26, 155, 165, 174, 175, 184, 229, 240, 260], "summary": {"covered_lines": 19, "num_statements": 81, "percent_covered": 23.45679012345679, "percent_covered_display": "23", "missing_lines": 62, "excluded_lines": 0, "percent_statements_covered": 23.45679012345679, "percent_statements_covered_display": "23"}, "missing_lines": [42, 53, 55, 56, 57, 58, 60, 70, 72, 73, 74, 75, 76, 77, 81, 83, 95, 97, 98, 99, 100, 102, 112, 114, 115, 116, 118, 129, 131, 132, 133, 136, 171, 172, 177, 178, 182, 205, 207, 210, 211, 212, 213, 214, 215, 218, 224, 226, 227, 238, 249, 250, 251, 252, 253, 257, 271, 272, 273, 274, 279, 280], "excluded_lines": [], "functions": {"create_agent": {"executed_lines": [], "summary": {"covered_lines": 0, "num_statements": 6, "percent_covered": 0.0, "percent_covered_display": "0", "missing_lines": 6, "excluded_lines": 0, "percent_statements_covered": 0.0, "percent_statements_covered_display": "0"}, "missing_lines": [42, 60, 83, 102, 118, 136], "excluded_lines": [], "start_line": 26}, "create_agent.add_task_tool": {"executed_lines": [], "summary": {"covered_lines": 0, "num_statements": 5, "percent_covered": 0.0, "percent_covered_display": "0", "missing_lines": 5, "excluded_lines": 0, "percent_statements_covered": 0.0, "percent_statements_covered_display": "0"}, "missing_lines": [53, 55, 56, 57, 58], "excluded_lines": [], "start_line": 42}, "create_agent.list_tasks_tool": {"executed_lines": [], "summary": {"covered_lines": 0, "num_statements": 8, "percent_covered": 0.0, "percent_covered_display": "0", "missing_lines": 8, "excluded_lines": 0, "percent_statements_covered": 0.0, "percent_statements_covered_display": "0"}, "missing_lines": [70, 72, 73, 74, 75, 76, 77, 81], "excluded_lines": [], "start_line": 60}, "create_agent.update_task_tool": {"executed_lines": [], "summary": {"covered_lines": 0, "num_statements": 5, "percent_covered": 0.0, "percent_covered_display": "0", "missing_lines": 5, "excluded_lines": 0, "percent_statements_covered": 0.0, "percent_statements_covered_display": "0"}, "missing_lines": [95, 97, 98, 99, 100], "excluded_lines": [], "start_line": 83}, "create_agent.delete_task_tool": {"executed_lines": [], "summary": {"covered_lines": 0, "num_statements": 4, "percent_covered": 0.0, "percent_covered_display": "0", "missing_lines": 4, "excluded_lines": 0, "percent_statements_covered": 0.0, "percent_statements_covered_display": "0"}, "missing_lines": [112, 114, 115, 116], "excluded_lines": [], "start_line": 102}, "create_agent.complete_task_tool": {"executed_lines": [], "summary": {"covered_lines": 0, "num_statements": 4, "percent_covered": 0.0, "percent_covered_display": "0", "missing_lines": 4, "excluded_lines": 0, "percent_statements_covered": 0.0, "percent_statements_covered_display": "0"}, "missing_lines": [129, 131, 132, 133], "excluded_lines": [], "start_line": 118}, "AgentOrchestrator.__init__": {"executed_lines": [], "summary": {"covered_lines": 0, "num_statements": 2, "percent_covered": 0.0, "percent_covered_display": "0", "missing_lines": 2, "excluded_lines": 0, "percent_statements_covered": 0.0, "percent_statements_covered_display": "0"}, "missing_lines": [171, 172], "excluded_lines": [], "start_line": 165}, "AgentOrchestrator.model": {"executed_lines": [], "summary": {"covered_lines": 0, "num_statements": 3, "percent_covered": 0.0, "percent_covered_display": "0", "missing_lines": 3, "excluded_lines": 0, "percent_statements_covered": 0.0, "percent_statements_covered_display": "0"}, "missing_lines": [177, 178, 182], "excluded_lines": [], "start_line": 175}, "AgentOrchestrator.process_message": {"executed_lines": [], "summary": {"covered_lines": 0, "num_statements": 12, "percent_covered": 0.0, "percent_covered_display": "0", "missing_lines": 12, "excluded_lines": 0, "percent_statements_covered": 0.0, "percent_statements_covered_display": "0"}, "missing_lines": [205, 207, 210, 211, 212, 213, 214, 215, 218, 224, 226, 227], "excluded_lines": [], "start_line": 184}, "AgentOrchestrator.get_response_text": {"executed_lines": [], "summary": {"covered_lines": 0, "num_statements": 1, "percent_covered": 0.0, "percent_covered_display": "0", "missing_lines": 1, "excluded_lines": 0, "percent_statements_covered": 0.0, "percent_statements_covered_display": "0"}, "missing_lines": [238], "excluded_lines": [], "start_line": 229}, "AgentOrchestrator.get_tool_calls": {"executed_lines": [], "summary": {"covered_lines": 0, "num_statements": 6, "percent_covered": 0.0, "percent_covered_display": "0", "missing_lines": 6, "excluded_lines": 0, "percent_statements_covered": 0.0, "percent_statements_covered_display": "0"}, "missing_lines": [249, 250, 251, 252, 253, 257], "excluded_lines": [], "start_line": 240}, "create_agent_orchestrator": {"executed_lines": [], "summary": {"covered_lines": 0, "num_statements": 6, "percent_covered": 0.0, "percent_covered_display": "0", "missing_lines": 6, "excluded_lines": 0, "percent_statements_covered": 0.0, "percent_statements_covered_display": "0"}, "missing_lines": [271, 272, 273, 274, 279, 280], "excluded_lines": [], "start_line": 260}, "": {"executed_lines": [5, 6, 7, 9, 10, 11, 13, 20, 22, 23, 26, 155, 165, 174, 175, 184, 229, 240, 260], "summary": {"covered_lines": 19, "num_statements": 19, "percent_covered": 100.0, "percent_covered_display": "100", "missing_lines": 0, "excluded_lines": 0, "percent_statements_covered": 100.0, "percent_statements_covered_display": "100"}, "missing_lines": [], "excluded_lines": [], "start_line": 1}}, "classes": {"AgentOrchestrator": {"executed_lines": [], "summary": {"covered_lines": 0, "num_statements": 24, "percent_covered": 0.0, "percent_covered_display": "0", "missing_lines": 24, "excluded_lines": 0, "percent_statements_covered": 0.0, "percent_statements_covered_display": "0"}, "missing_lines": [171, 172, 177, 178, 182, 205, 207, 210, 211, 212, 213, 214, 215, 218, 224, 226, 227, 238, 249, 250, 251, 252, 253, 257], "excluded_lines": [], "start_line": 155}, "": {"executed_lines": [5, 6, 7, 9, 10, 11, 13, 20, 22, 23, 26, 155, 165, 174, 175, 184, 229, 240, 260], "summary": {"covered_lines": 19, "num_statements": 57, "percent_covered": 33.333333333333336, "percent_covered_display": "33", "missing_lines": 38, "excluded_lines": 0, "percent_statements_covered": 33.333333333333336, "percent_statements_covered_display": "33"}, "missing_lines": [42, 53, 55, 56, 57, 58, 60, 70, 72, 73, 74, 75, 76, 77, 81, 83, 95, 97, 98, 99, 100, 102, 112, 114, 115, 116, 118, 129, 131, 132, 133, 136, 271, 272, 273, 274, 279, 280], "excluded_lines": [], "start_line": 1}}}, "src/api/__init__.py": {"executed_lines": [5, 6, 8, 11, 14, 17, 18, 21], "summary": {"covered_lines": 8, "num_statements": 8, "percent_covered": 100.0, "percent_covered_display": "100", "missing_lines": 0, "excluded_lines": 0, "percent_statements_covered": 100.0, "percent_statements_covered_display": "100"}, "missing_lines": [], "excluded_lines": [], "functions": {"": {"executed_lines": [5, 6, 8, 11, 14, 17, 18, 21], "summary": {"covered_lines": 8, "num_statements": 8, "percent_covered": 100.0, "percent_covered_display": "100", "missing_lines": 0, "excluded_lines": 0, "percent_statements_covered": 100.0, "percent_statements_covered_display": "100"}, "missing_lines": [], "excluded_lines": [], "start_line": 1}}, "classes": {"": {"executed_lines": [5, 6, 8, 11, 14, 17, 18, 21], "summary": {"covered_lines": 8, "num_statements": 8, "percent_covered": 100.0, "percent_covered_display": "100", "missing_lines": 0, "excluded_lines": 0, "percent_statements_covered": 100.0, "percent_statements_covered_display": "100"}, "missing_lines": [], "excluded_lines": [], "start_line": 1}}}, "src/api/deps.py": {"executed_lines": [6, 7, 8, 9, 11, 12, 14, 17, 32, 33, 40, 41, 48, 50, 52, 57, 58, 63, 64, 69, 70], "summary": {"covered_lines": 21, "num_statements": 24, "percent_covered": 87.5, "percent_covered_display": "88", "missing_lines": 3, "excluded_lines": 0, "percent_statements_covered": 87.5, "percent_statements_covered_display": "88"}, "missing_lines": [42, 59, 65], "excluded_lines": [], "functions": {"get_current_user_id": {"executed_lines": [32, 33, 40, 41, 48, 50, 52, 57, 58, 63, 64, 69, 70], "summary": {"covered_lines": 13, "num_statements": 16, "percent_covered": 81.25, "percent_covered_display": "81", "missing_lines": 3, "excluded_lines": 0, "percent_statements_covered": 81.25, "percent_statements_covered_display": "81"}, "missing_lines": [42, 59, 65], "excluded_lines": [], "start_line": 17}, "": {"executed_lines": [6, 7, 8, 9, 11, 12, 14, 17], "summary": {"covered_lines": 8, "num_statements": 8, "percent_covered": 100.0, "percent_covered_display": "100", "missing_lines": 0, "excluded_lines": 0, "percent_statements_covered": 100.0, "percent_statements_covered_display": "100"}, "missing_lines": [], "excluded_lines": [], "start_line": 1}}, "classes": {"": {"executed_lines": [6, 7, 8, 9, 11, 12, 14, 17, 32, 33, 40, 41, 48, 50, 52, 57, 58, 63, 64, 69, 70], "summary": {"covered_lines": 21, "num_statements": 24, "percent_covered": 87.5, "percent_covered_display": "88", "missing_lines": 3, "excluded_lines": 0, "percent_statements_covered": 87.5, "percent_statements_covered_display": "88"}, "missing_lines": [42, 59, 65], "excluded_lines": [], "start_line": 1}}}, "src/api/routes/auth.py": {"executed_lines": [5, 6, 8, 9, 10, 11, 13, 14, 15, 16, 17, 19, 22, 23, 28, 29, 69, 70, 94, 95], "summary": {"covered_lines": 20, "num_statements": 46, "percent_covered": 43.47826086956522, "percent_covered_display": "43", "missing_lines": 26, "excluded_lines": 0, "percent_statements_covered": 43.47826086956522, "percent_statements_covered_display": "43"}, "missing_lines": [25, 35, 36, 37, 39, 40, 45, 47, 54, 55, 56, 58, 75, 76, 77, 79, 80, 86, 87, 91, 100, 101, 102, 104, 105, 107], "excluded_lines": [], "functions": {"test_endpoint": {"executed_lines": [], "summary": {"covered_lines": 0, "num_statements": 1, "percent_covered": 0.0, "percent_covered_display": "0", "missing_lines": 1, "excluded_lines": 0, "percent_statements_covered": 0.0, "percent_statements_covered_display": "0"}, "missing_lines": [25], "excluded_lines": [], "start_line": 23}, "signup": {"executed_lines": [], "summary": {"covered_lines": 0, "num_statements": 11, "percent_covered": 0.0, "percent_covered_display": "0", "missing_lines": 11, "excluded_lines": 0, "percent_statements_covered": 0.0, "percent_statements_covered_display": "0"}, "missing_lines": [35, 36, 37, 39, 40, 45, 47, 54, 55, 56, 58], "excluded_lines": [], "start_line": 29}, "login": {"executed_lines": [], "summary": {"covered_lines": 0, "num_statements": 8, "percent_covered": 0.0, "percent_covered_display": "0", "missing_lines": 8, "excluded_lines": 0, "percent_statements_covered": 0.0, "percent_statements_covered_display": "0"}, "missing_lines": [75, 76, 77, 79, 80, 86, 87, 91], "excluded_lines": [], "start_line": 70}, "read_users_me": {"executed_lines": [], "summary": {"covered_lines": 0, "num_statements": 6, "percent_covered": 0.0, "percent_covered_display": "0", "missing_lines": 6, "excluded_lines": 0, "percent_statements_covered": 0.0, "percent_statements_covered_display": "0"}, "missing_lines": [100, 101, 102, 104, 105, 107], "excluded_lines": [], "start_line": 95}, "": {"executed_lines": [5, 6, 8, 9, 10, 11, 13, 14, 15, 16, 17, 19, 22, 23, 28, 29, 69, 70, 94, 95], "summary": {"covered_lines": 20, "num_statements": 20, "percent_covered": 100.0, "percent_covered_display": "100", "missing_lines": 0, "excluded_lines": 0, "percent_statements_covered": 100.0, "percent_statements_covered_display": "100"}, "missing_lines": [], "excluded_lines": [], "start_line": 1}}, "classes": {"": {"executed_lines": [5, 6, 8, 9, 10, 11, 13, 14, 15, 16, 17, 19, 22, 23, 28, 29, 69, 70, 94, 95], "summary": {"covered_lines": 20, "num_statements": 46, "percent_covered": 43.47826086956522, "percent_covered_display": "43", "missing_lines": 26, "excluded_lines": 0, "percent_statements_covered": 43.47826086956522, "percent_statements_covered_display": "43"}, "missing_lines": [25, 35, 36, 37, 39, 40, 45, 47, 54, 55, 56, 58, 75, 76, 77, 79, 80, 86, 87, 91, 100, 101, 102, 104, 105, 107], "excluded_lines": [], "start_line": 1}}}, "src/api/routes/chat.py": {"executed_lines": [5, 6, 7, 9, 10, 11, 12, 13, 15, 16, 17, 27, 28, 30, 31, 34, 37, 47, 48, 50, 54, 63, 64, 94, 96, 97, 103, 184, 195, 200, 201, 207, 215, 238, 244, 246, 274, 283, 305, 311, 314, 315], "summary": {"covered_lines": 42, "num_statements": 79, "percent_covered": 53.164556962025316, "percent_covered_display": "53", "missing_lines": 37, "excluded_lines": 0, "percent_statements_covered": 53.164556962025316, "percent_statements_covered_display": "53"}, "missing_lines": [51, 110, 115, 124, 125, 133, 134, 135, 137, 142, 150, 151, 154, 163, 165, 166, 167, 168, 169, 173, 185, 196, 239, 251, 252, 254, 255, 259, 261, 271, 306, 321, 323, 324, 330, 334, 344], "excluded_lines": [], "functions": {"get_user_key": {"executed_lines": [47, 48, 50], "summary": {"covered_lines": 3, "num_statements": 4, "percent_covered": 75.0, "percent_covered_display": "75", "missing_lines": 1, "excluded_lines": 0, "percent_statements_covered": 75.0, "percent_statements_covered_display": "75"}, "missing_lines": [51], "excluded_lines": [], "start_line": 37}, "chat_endpoint": {"executed_lines": [94, 96, 97, 103, 184, 195, 200, 201], "summary": {"covered_lines": 8, "num_statements": 29, "percent_covered": 27.586206896551722, "percent_covered_display": "28", "missing_lines": 21, "excluded_lines": 0, "percent_statements_covered": 27.586206896551722, "percent_statements_covered_display": "28"}, "missing_lines": [110, 115, 124, 125, 133, 134, 135, 137, 142, 150, 151, 154, 163, 165, 166, 167, 168, 169, 173, 185, 196], "excluded_lines": [], "start_line": 64}, "list_conversations": {"executed_lines": [238, 244, 246], "summary": {"covered_lines": 3, "num_statements": 11, "percent_covered": 27.272727272727273, "percent_covered_display": "27", "missing_lines": 8, "excluded_lines": 0, "percent_statements_covered": 27.272727272727273, "percent_statements_covered_display": "27"}, "missing_lines": [239, 251, 252, 254, 255, 259, 261, 271], "excluded_lines": [], "start_line": 215}, "get_conversation": {"executed_lines": [305, 311, 314, 315], "summary": {"covered_lines": 4, "num_statements": 11, "percent_covered": 36.36363636363637, "percent_covered_display": "36", "missing_lines": 7, "excluded_lines": 0, "percent_statements_covered": 36.36363636363637, "percent_statements_covered_display": "36"}, "missing_lines": [306, 321, 323, 324, 330, 334, 344], "excluded_lines": [], "start_line": 283}, "": {"executed_lines": [5, 6, 7, 9, 10, 11, 12, 13, 15, 16, 17, 27, 28, 30, 31, 34, 37, 54, 63, 64, 207, 215, 274, 283], "summary": {"covered_lines": 24, "num_statements": 24, "percent_covered": 100.0, "percent_covered_display": "100", "missing_lines": 0, "excluded_lines": 0, "percent_statements_covered": 100.0, "percent_statements_covered_display": "100"}, "missing_lines": [], "excluded_lines": [], "start_line": 1}}, "classes": {"": {"executed_lines": [5, 6, 7, 9, 10, 11, 12, 13, 15, 16, 17, 27, 28, 30, 31, 34, 37, 47, 48, 50, 54, 63, 64, 94, 96, 97, 103, 184, 195, 200, 201, 207, 215, 238, 244, 246, 274, 283, 305, 311, 314, 315], "summary": {"covered_lines": 42, "num_statements": 79, "percent_covered": 53.164556962025316, "percent_covered_display": "53", "missing_lines": 37, "excluded_lines": 0, "percent_statements_covered": 53.164556962025316, "percent_statements_covered_display": "53"}, "missing_lines": [51, 110, 115, 124, 125, 133, 134, 135, 137, 142, 150, 151, 154, 163, 165, 166, 167, 168, 169, 173, 185, 196, 239, 251, 252, 254, 255, 259, 261, 271, 306, 321, 323, 324, 330, 334, 344], "excluded_lines": [], "start_line": 1}}}, "src/api/routes/health.py": {"executed_lines": [4, 5, 6, 8, 10, 13, 15, 16, 19, 20], "summary": {"covered_lines": 10, "num_statements": 16, "percent_covered": 62.5, "percent_covered_display": "62", "missing_lines": 6, "excluded_lines": 0, "percent_statements_covered": 62.5, "percent_statements_covered_display": "62"}, "missing_lines": [28, 29, 30, 31, 32, 34], "excluded_lines": [], "functions": {"health_check": {"executed_lines": [], "summary": {"covered_lines": 0, "num_statements": 6, "percent_covered": 0.0, "percent_covered_display": "0", "missing_lines": 6, "excluded_lines": 0, "percent_statements_covered": 0.0, "percent_statements_covered_display": "0"}, "missing_lines": [28, 29, 30, 31, 32, 34], "excluded_lines": [], "start_line": 20}, "": {"executed_lines": [4, 5, 6, 8, 10, 13, 15, 16, 19, 20], "summary": {"covered_lines": 10, "num_statements": 10, "percent_covered": 100.0, "percent_covered_display": "100", "missing_lines": 0, "excluded_lines": 0, "percent_statements_covered": 100.0, "percent_statements_covered_display": "100"}, "missing_lines": [], "excluded_lines": [], "start_line": 1}}, "classes": {"HealthResponse": {"executed_lines": [], "summary": {"covered_lines": 0, "num_statements": 0, "percent_covered": 100.0, "percent_covered_display": "100", "missing_lines": 0, "excluded_lines": 0, "percent_statements_covered": 100.0, "percent_statements_covered_display": "100"}, "missing_lines": [], "excluded_lines": [], "start_line": 13}, "": {"executed_lines": [4, 5, 6, 8, 10, 13, 15, 16, 19, 20], "summary": {"covered_lines": 10, "num_statements": 16, "percent_covered": 62.5, "percent_covered_display": "62", "missing_lines": 6, "excluded_lines": 0, "percent_statements_covered": 62.5, "percent_statements_covered_display": "62"}, "missing_lines": [28, 29, 30, 31, 32, 34], "excluded_lines": [], "start_line": 1}}}, "src/api/routes/tags.py": {"executed_lines": [5, 6, 7, 8, 10, 11, 12, 13, 15, 18, 19, 60, 61, 111, 112, 168, 169], "summary": {"covered_lines": 17, "num_statements": 60, "percent_covered": 28.333333333333332, "percent_covered_display": "28", "missing_lines": 43, "excluded_lines": 0, "percent_statements_covered": 28.333333333333332, "percent_statements_covered_display": "28"}, "missing_lines": [36, 37, 43, 48, 49, 50, 51, 55, 57, 83, 84, 90, 97, 98, 104, 105, 106, 107, 108, 136, 137, 143, 144, 145, 151, 152, 158, 159, 160, 162, 163, 164, 165, 188, 189, 195, 196, 197, 203, 204, 210, 211, 212], "excluded_lines": [], "functions": {"list_tags": {"executed_lines": [], "summary": {"covered_lines": 0, "num_statements": 9, "percent_covered": 0.0, "percent_covered_display": "0", "missing_lines": 9, "excluded_lines": 0, "percent_statements_covered": 0.0, "percent_statements_covered_display": "0"}, "missing_lines": [36, 37, 43, 48, 49, 50, 51, 55, 57], "excluded_lines": [], "start_line": 19}, "create_tag": {"executed_lines": [], "summary": {"covered_lines": 0, "num_statements": 10, "percent_covered": 0.0, "percent_covered_display": "0", "missing_lines": 10, "excluded_lines": 0, "percent_statements_covered": 0.0, "percent_statements_covered_display": "0"}, "missing_lines": [83, 84, 90, 97, 98, 104, 105, 106, 107, 108], "excluded_lines": [], "start_line": 61}, "update_tag": {"executed_lines": [], "summary": {"covered_lines": 0, "num_statements": 14, "percent_covered": 0.0, "percent_covered_display": "0", "missing_lines": 14, "excluded_lines": 0, "percent_statements_covered": 0.0, "percent_statements_covered_display": "0"}, "missing_lines": [136, 137, 143, 144, 145, 151, 152, 158, 159, 160, 162, 163, 164, 165], "excluded_lines": [], "start_line": 112}, "delete_tag": {"executed_lines": [], "summary": {"covered_lines": 0, "num_statements": 10, "percent_covered": 0.0, "percent_covered_display": "0", "missing_lines": 10, "excluded_lines": 0, "percent_statements_covered": 0.0, "percent_statements_covered_display": "0"}, "missing_lines": [188, 189, 195, 196, 197, 203, 204, 210, 211, 212], "excluded_lines": [], "start_line": 169}, "": {"executed_lines": [5, 6, 7, 8, 10, 11, 12, 13, 15, 18, 19, 60, 61, 111, 112, 168, 169], "summary": {"covered_lines": 17, "num_statements": 17, "percent_covered": 100.0, "percent_covered_display": "100", "missing_lines": 0, "excluded_lines": 0, "percent_statements_covered": 100.0, "percent_statements_covered_display": "100"}, "missing_lines": [], "excluded_lines": [], "start_line": 1}}, "classes": {"": {"executed_lines": [5, 6, 7, 8, 10, 11, 12, 13, 15, 18, 19, 60, 61, 111, 112, 168, 169], "summary": {"covered_lines": 17, "num_statements": 60, "percent_covered": 28.333333333333332, "percent_covered_display": "28", "missing_lines": 43, "excluded_lines": 0, "percent_statements_covered": 28.333333333333332, "percent_statements_covered_display": "28"}, "missing_lines": [36, 37, 43, 48, 49, 50, 51, 55, 57, 83, 84, 90, 97, 98, 104, 105, 106, 107, 108, 136, 137, 143, 144, 145, 151, 152, 158, 159, 160, 162, 163, 164, 165, 188, 189, 195, 196, 197, 203, 204, 210, 211, 212], "excluded_lines": [], "start_line": 1}}}, "src/api/routes/tasks.py": {"executed_lines": [6, 7, 8, 9, 11, 12, 13, 14, 16, 19, 20, 92, 93, 141, 142, 188, 189, 245, 246, 302, 303, 354, 355], "summary": {"covered_lines": 23, "num_statements": 114, "percent_covered": 20.17543859649123, "percent_covered_display": "20", "missing_lines": 91, "excluded_lines": 0, "percent_statements_covered": 20.17543859649123, "percent_statements_covered_display": "20"}, "missing_lines": [49, 50, 56, 59, 60, 61, 62, 64, 65, 67, 68, 69, 75, 76, 78, 79, 80, 82, 83, 85, 88, 89, 115, 116, 122, 125, 127, 128, 134, 135, 136, 137, 138, 164, 165, 171, 172, 173, 179, 180, 185, 213, 214, 220, 221, 222, 228, 229, 235, 236, 237, 239, 240, 241, 242, 270, 271, 277, 278, 279, 285, 286, 292, 293, 294, 296, 297, 298, 299, 325, 326, 332, 333, 334, 340, 341, 347, 348, 349, 350, 351, 374, 375, 381, 382, 383, 389, 390, 396, 397, 398], "excluded_lines": [], "functions": {"list_tasks": {"executed_lines": [], "summary": {"covered_lines": 0, "num_statements": 22, "percent_covered": 0.0, "percent_covered_display": "0", "missing_lines": 22, "excluded_lines": 0, "percent_statements_covered": 0.0, "percent_statements_covered_display": "0"}, "missing_lines": [49, 50, 56, 59, 60, 61, 62, 64, 65, 67, 68, 69, 75, 76, 78, 79, 80, 82, 83, 85, 88, 89], "excluded_lines": [], "start_line": 20}, "create_task": {"executed_lines": [], "summary": {"covered_lines": 0, "num_statements": 11, "percent_covered": 0.0, "percent_covered_display": "0", "missing_lines": 11, "excluded_lines": 0, "percent_statements_covered": 0.0, "percent_statements_covered_display": "0"}, "missing_lines": [115, 116, 122, 125, 127, 128, 134, 135, 136, 137, 138], "excluded_lines": [], "start_line": 93}, "get_task": {"executed_lines": [], "summary": {"covered_lines": 0, "num_statements": 8, "percent_covered": 0.0, "percent_covered_display": "0", "missing_lines": 8, "excluded_lines": 0, "percent_statements_covered": 0.0, "percent_statements_covered_display": "0"}, "missing_lines": [164, 165, 171, 172, 173, 179, 180, 185], "excluded_lines": [], "start_line": 142}, "update_task": {"executed_lines": [], "summary": {"covered_lines": 0, "num_statements": 14, "percent_covered": 0.0, "percent_covered_display": "0", "missing_lines": 14, "excluded_lines": 0, "percent_statements_covered": 0.0, "percent_statements_covered_display": "0"}, "missing_lines": [213, 214, 220, 221, 222, 228, 229, 235, 236, 237, 239, 240, 241, 242], "excluded_lines": [], "start_line": 189}, "patch_task": {"executed_lines": [], "summary": {"covered_lines": 0, "num_statements": 14, "percent_covered": 0.0, "percent_covered_display": "0", "missing_lines": 14, "excluded_lines": 0, "percent_statements_covered": 0.0, "percent_statements_covered_display": "0"}, "missing_lines": [270, 271, 277, 278, 279, 285, 286, 292, 293, 294, 296, 297, 298, 299], "excluded_lines": [], "start_line": 246}, "toggle_task_complete": {"executed_lines": [], "summary": {"covered_lines": 0, "num_statements": 12, "percent_covered": 0.0, "percent_covered_display": "0", "missing_lines": 12, "excluded_lines": 0, "percent_statements_covered": 0.0, "percent_statements_covered_display": "0"}, "missing_lines": [325, 326, 332, 333, 334, 340, 341, 347, 348, 349, 350, 351], "excluded_lines": [], "start_line": 303}, "delete_task": {"executed_lines": [], "summary": {"covered_lines": 0, "num_statements": 10, "percent_covered": 0.0, "percent_covered_display": "0", "missing_lines": 10, "excluded_lines": 0, "percent_statements_covered": 0.0, "percent_statements_covered_display": "0"}, "missing_lines": [374, 375, 381, 382, 383, 389, 390, 396, 397, 398], "excluded_lines": [], "start_line": 355}, "": {"executed_lines": [6, 7, 8, 9, 11, 12, 13, 14, 16, 19, 20, 92, 93, 141, 142, 188, 189, 245, 246, 302, 303, 354, 355], "summary": {"covered_lines": 23, "num_statements": 23, "percent_covered": 100.0, "percent_covered_display": "100", "missing_lines": 0, "excluded_lines": 0, "percent_statements_covered": 100.0, "percent_statements_covered_display": "100"}, "missing_lines": [], "excluded_lines": [], "start_line": 1}}, "classes": {"": {"executed_lines": [6, 7, 8, 9, 11, 12, 13, 14, 16, 19, 20, 92, 93, 141, 142, 188, 189, 245, 246, 302, 303, 354, 355], "summary": {"covered_lines": 23, "num_statements": 114, "percent_covered": 20.17543859649123, "percent_covered_display": "20", "missing_lines": 91, "excluded_lines": 0, "percent_statements_covered": 20.17543859649123, "percent_statements_covered_display": "20"}, "missing_lines": [49, 50, 56, 59, 60, 61, 62, 64, 65, 67, 68, 69, 75, 76, 78, 79, 80, 82, 83, 85, 88, 89, 115, 116, 122, 125, 127, 128, 134, 135, 136, 137, 138, 164, 165, 171, 172, 173, 179, 180, 185, 213, 214, 220, 221, 222, 228, 229, 235, 236, 237, 239, 240, 241, 242, 270, 271, 277, 278, 279, 285, 286, 292, 293, 294, 296, 297, 298, 299, 325, 326, 332, 333, 334, 340, 341, 347, 348, 349, 350, 351, 374, 375, 381, 382, 383, 389, 390, 396, 397, 398], "excluded_lines": [], "start_line": 1}}}, "src/config.py": {"executed_lines": [6, 7, 8, 9, 10, 12, 15, 22, 28, 33, 37, 43, 49, 55, 59, 63, 70, 71, 72, 73, 75, 81, 82, 87, 98, 99, 105, 108, 114, 116], "summary": {"covered_lines": 30, "num_statements": 33, "percent_covered": 90.9090909090909, "percent_covered_display": "91", "missing_lines": 3, "excluded_lines": 0, "percent_statements_covered": 90.9090909090909, "percent_statements_covered_display": "91"}, "missing_lines": [83, 88, 93], "excluded_lines": [], "functions": {"Settings.validate_openai_config": {"executed_lines": [81, 82, 87], "summary": {"covered_lines": 3, "num_statements": 6, "percent_covered": 50.0, "percent_covered_display": "50", "missing_lines": 3, "excluded_lines": 0, "percent_statements_covered": 50.0, "percent_statements_covered_display": "50"}, "missing_lines": [83, 88, 93], "excluded_lines": [], "start_line": 75}, "get_settings": {"executed_lines": [105, 108, 114, 116], "summary": {"covered_lines": 4, "num_statements": 4, "percent_covered": 100.0, "percent_covered_display": "100", "missing_lines": 0, "excluded_lines": 0, "percent_statements_covered": 100.0, "percent_statements_covered_display": "100"}, "missing_lines": [], "excluded_lines": [], "start_line": 99}, "": {"executed_lines": [6, 7, 8, 9, 10, 12, 15, 22, 28, 33, 37, 43, 49, 55, 59, 63, 70, 71, 72, 73, 75, 98, 99], "summary": {"covered_lines": 23, "num_statements": 23, "percent_covered": 100.0, "percent_covered_display": "100", "missing_lines": 0, "excluded_lines": 0, "percent_statements_covered": 100.0, "percent_statements_covered_display": "100"}, "missing_lines": [], "excluded_lines": [], "start_line": 1}}, "classes": {"Settings": {"executed_lines": [81, 82, 87], "summary": {"covered_lines": 3, "num_statements": 6, "percent_covered": 50.0, "percent_covered_display": "50", "missing_lines": 3, "excluded_lines": 0, "percent_statements_covered": 50.0, "percent_statements_covered_display": "50"}, "missing_lines": [83, 88, 93], "excluded_lines": [], "start_line": 15}, "Settings.Config": {"executed_lines": [], "summary": {"covered_lines": 0, "num_statements": 0, "percent_covered": 100.0, "percent_covered_display": "100", "missing_lines": 0, "excluded_lines": 0, "percent_statements_covered": 100.0, "percent_statements_covered_display": "100"}, "missing_lines": [], "excluded_lines": [], "start_line": 70}, "": {"executed_lines": [6, 7, 8, 9, 10, 12, 15, 22, 28, 33, 37, 43, 49, 55, 59, 63, 70, 71, 72, 73, 75, 98, 99, 105, 108, 114, 116], "summary": {"covered_lines": 27, "num_statements": 27, "percent_covered": 100.0, "percent_covered_display": "100", "missing_lines": 0, "excluded_lines": 0, "percent_statements_covered": 100.0, "percent_statements_covered_display": "100"}, "missing_lines": [], "excluded_lines": [], "start_line": 1}}}, "src/database.py": {"executed_lines": [6, 7, 8, 9, 12, 15, 16, 18, 22, 25, 26, 27, 33, 48], "summary": {"covered_lines": 14, "num_statements": 24, "percent_covered": 58.333333333333336, "percent_covered_display": "58", "missing_lines": 10, "excluded_lines": 0, "percent_statements_covered": 58.333333333333336, "percent_statements_covered_display": "58"}, "missing_lines": [28, 29, 30, 31, 39, 40, 41, 45, 50, 51], "excluded_lines": [], "functions": {"get_session": {"executed_lines": [], "summary": {"covered_lines": 0, "num_statements": 2, "percent_covered": 0.0, "percent_covered_display": "0", "missing_lines": 2, "excluded_lines": 0, "percent_statements_covered": 0.0, "percent_statements_covered_display": "0"}, "missing_lines": [50, 51], "excluded_lines": [], "start_line": 48}, "": {"executed_lines": [6, 7, 8, 9, 12, 15, 16, 18, 22, 25, 26, 27, 33, 48], "summary": {"covered_lines": 14, "num_statements": 22, "percent_covered": 63.63636363636363, "percent_covered_display": "64", "missing_lines": 8, "excluded_lines": 0, "percent_statements_covered": 63.63636363636363, "percent_statements_covered_display": "64"}, "missing_lines": [28, 29, 30, 31, 39, 40, 41, 45], "excluded_lines": [], "start_line": 1}}, "classes": {"": {"executed_lines": [6, 7, 8, 9, 12, 15, 16, 18, 22, 25, 26, 27, 33, 48], "summary": {"covered_lines": 14, "num_statements": 24, "percent_covered": 58.333333333333336, "percent_covered_display": "58", "missing_lines": 10, "excluded_lines": 0, "percent_statements_covered": 58.333333333333336, "percent_statements_covered_display": "58"}, "missing_lines": [28, 29, 30, 31, 39, 40, 41, 45, 50, 51], "excluded_lines": [], "start_line": 1}}}, "src/main.py": {"executed_lines": [6, 7, 8, 9, 11, 12, 13, 14, 15, 17, 18, 21, 22, 64, 74, 87, 90, 91, 106, 107, 163, 164], "summary": {"covered_lines": 22, "num_statements": 71, "percent_covered": 30.985915492957748, "percent_covered_display": "31", "missing_lines": 49, "excluded_lines": 0, "percent_statements_covered": 30.985915492957748, "percent_statements_covered_display": "31"}, "missing_lines": [34, 37, 38, 39, 40, 41, 42, 43, 46, 47, 49, 51, 52, 53, 55, 58, 59, 60, 93, 114, 116, 128, 129, 130, 131, 132, 133, 134, 135, 136, 139, 140, 142, 143, 145, 146, 147, 148, 149, 151, 154, 155, 160, 171, 172, 179, 184, 185, 192], "excluded_lines": [], "functions": {"lifespan": {"executed_lines": [], "summary": {"covered_lines": 0, "num_statements": 18, "percent_covered": 0.0, "percent_covered_display": "0", "missing_lines": 18, "excluded_lines": 0, "percent_statements_covered": 0.0, "percent_statements_covered_display": "0"}, "missing_lines": [34, 37, 38, 39, 40, 41, 42, 43, 46, 47, 49, 51, 52, 53, 55, 58, 59, 60], "excluded_lines": [], "start_line": 22}, "root": {"executed_lines": [], "summary": {"covered_lines": 0, "num_statements": 1, "percent_covered": 0.0, "percent_covered_display": "0", "missing_lines": 1, "excluded_lines": 0, "percent_statements_covered": 0.0, "percent_statements_covered_display": "0"}, "missing_lines": [93], "excluded_lines": [], "start_line": 91}, "health_check": {"executed_lines": [], "summary": {"covered_lines": 0, "num_statements": 24, "percent_covered": 0.0, "percent_covered_display": "0", "missing_lines": 24, "excluded_lines": 0, "percent_statements_covered": 0.0, "percent_statements_covered_display": "0"}, "missing_lines": [114, 116, 128, 129, 130, 131, 132, 133, 134, 135, 136, 139, 140, 142, 143, 145, 146, 147, 148, 149, 151, 154, 155, 160], "excluded_lines": [], "start_line": 107}, "chat_health_check": {"executed_lines": [], "summary": {"covered_lines": 0, "num_statements": 6, "percent_covered": 0.0, "percent_covered_display": "0", "missing_lines": 6, "excluded_lines": 0, "percent_statements_covered": 0.0, "percent_statements_covered_display": "0"}, "missing_lines": [171, 172, 179, 184, 185, 192], "excluded_lines": [], "start_line": 164}, "": {"executed_lines": [6, 7, 8, 9, 11, 12, 13, 14, 15, 17, 18, 21, 22, 64, 74, 87, 90, 91, 106, 107, 163, 164], "summary": {"covered_lines": 22, "num_statements": 22, "percent_covered": 100.0, "percent_covered_display": "100", "missing_lines": 0, "excluded_lines": 0, "percent_statements_covered": 100.0, "percent_statements_covered_display": "100"}, "missing_lines": [], "excluded_lines": [], "start_line": 1}}, "classes": {"": {"executed_lines": [6, 7, 8, 9, 11, 12, 13, 14, 15, 17, 18, 21, 22, 64, 74, 87, 90, 91, 106, 107, 163, 164], "summary": {"covered_lines": 22, "num_statements": 71, "percent_covered": 30.985915492957748, "percent_covered_display": "31", "missing_lines": 49, "excluded_lines": 0, "percent_statements_covered": 30.985915492957748, "percent_statements_covered_display": "31"}, "missing_lines": [34, 37, 38, 39, 40, 41, 42, 43, 46, 47, 49, 51, 52, 53, 55, 58, 59, 60, 93, 114, 116, 128, 129, 130, 131, 132, 133, 134, 135, 136, 139, 140, 142, 143, 145, 146, 147, 148, 149, 151, 154, 155, 160, 171, 172, 179, 184, 185, 192], "excluded_lines": [], "start_line": 1}}}, "src/mcp/__init__.py": {"executed_lines": [4, 12], "summary": {"covered_lines": 2, "num_statements": 2, "percent_covered": 100.0, "percent_covered_display": "100", "missing_lines": 0, "excluded_lines": 0, "percent_statements_covered": 100.0, "percent_statements_covered_display": "100"}, "missing_lines": [], "excluded_lines": [], "functions": {"": {"executed_lines": [4, 12], "summary": {"covered_lines": 2, "num_statements": 2, "percent_covered": 100.0, "percent_covered_display": "100", "missing_lines": 0, "excluded_lines": 0, "percent_statements_covered": 100.0, "percent_statements_covered_display": "100"}, "missing_lines": [], "excluded_lines": [], "start_line": 1}}, "classes": {"": {"executed_lines": [4, 12], "summary": {"covered_lines": 2, "num_statements": 2, "percent_covered": 100.0, "percent_covered_display": "100", "missing_lines": 0, "excluded_lines": 0, "percent_statements_covered": 100.0, "percent_statements_covered_display": "100"}, "missing_lines": [], "excluded_lines": [], "start_line": 1}}}, "src/mcp/tools.py": {"executed_lines": [5, 6, 7, 9, 10, 13, 16, 26, 36, 100, 152, 230, 272], "summary": {"covered_lines": 13, "num_statements": 108, "percent_covered": 12.037037037037036, "percent_covered_display": "12", "missing_lines": 95, "excluded_lines": 0, "percent_statements_covered": 12.037037037037036, "percent_statements_covered_display": "12"}, "missing_lines": [22, 23, 24, 28, 29, 30, 31, 32, 33, 55, 57, 58, 60, 61, 63, 64, 67, 68, 69, 70, 73, 80, 81, 82, 84, 95, 96, 97, 115, 117, 120, 121, 124, 127, 128, 130, 148, 149, 173, 175, 176, 177, 179, 180, 185, 186, 187, 188, 189, 190, 192, 193, 194, 197, 199, 200, 201, 202, 203, 208, 209, 211, 212, 214, 225, 226, 227, 245, 247, 248, 249, 251, 252, 257, 258, 260, 267, 268, 269, 289, 291, 292, 293, 295, 296, 301, 304, 305, 307, 308, 310, 312, 322, 323, 324], "excluded_lines": [], "functions": {"ToolResult.__init__": {"executed_lines": [], "summary": {"covered_lines": 0, "num_statements": 3, "percent_covered": 0.0, "percent_covered_display": "0", "missing_lines": 3, "excluded_lines": 0, "percent_statements_covered": 0.0, "percent_statements_covered_display": "0"}, "missing_lines": [22, 23, 24], "excluded_lines": [], "start_line": 16}, "ToolResult.to_dict": {"executed_lines": [], "summary": {"covered_lines": 0, "num_statements": 6, "percent_covered": 0.0, "percent_covered_display": "0", "missing_lines": 6, "excluded_lines": 0, "percent_statements_covered": 0.0, "percent_statements_covered_display": "0"}, "missing_lines": [28, 29, 30, 31, 32, 33], "excluded_lines": [], "start_line": 26}, "add_task": {"executed_lines": [], "summary": {"covered_lines": 0, "num_statements": 19, "percent_covered": 0.0, "percent_covered_display": "0", "missing_lines": 19, "excluded_lines": 0, "percent_statements_covered": 0.0, "percent_statements_covered_display": "0"}, "missing_lines": [55, 57, 58, 60, 61, 63, 64, 67, 68, 69, 70, 73, 80, 81, 82, 84, 95, 96, 97], "excluded_lines": [], "start_line": 36}, "list_tasks": {"executed_lines": [], "summary": {"covered_lines": 0, "num_statements": 10, "percent_covered": 0.0, "percent_covered_display": "0", "missing_lines": 10, "excluded_lines": 0, "percent_statements_covered": 0.0, "percent_statements_covered_display": "0"}, "missing_lines": [115, 117, 120, 121, 124, 127, 128, 130, 148, 149], "excluded_lines": [], "start_line": 100}, "update_task": {"executed_lines": [], "summary": {"covered_lines": 0, "num_statements": 29, "percent_covered": 0.0, "percent_covered_display": "0", "missing_lines": 29, "excluded_lines": 0, "percent_statements_covered": 0.0, "percent_statements_covered_display": "0"}, "missing_lines": [173, 175, 176, 177, 179, 180, 185, 186, 187, 188, 189, 190, 192, 193, 194, 197, 199, 200, 201, 202, 203, 208, 209, 211, 212, 214, 225, 226, 227], "excluded_lines": [], "start_line": 152}, "delete_task": {"executed_lines": [], "summary": {"covered_lines": 0, "num_statements": 12, "percent_covered": 0.0, "percent_covered_display": "0", "missing_lines": 12, "excluded_lines": 0, "percent_statements_covered": 0.0, "percent_statements_covered_display": "0"}, "missing_lines": [245, 247, 248, 249, 251, 252, 257, 258, 260, 267, 268, 269], "excluded_lines": [], "start_line": 230}, "complete_task": {"executed_lines": [], "summary": {"covered_lines": 0, "num_statements": 16, "percent_covered": 0.0, "percent_covered_display": "0", "missing_lines": 16, "excluded_lines": 0, "percent_statements_covered": 0.0, "percent_statements_covered_display": "0"}, "missing_lines": [289, 291, 292, 293, 295, 296, 301, 304, 305, 307, 308, 310, 312, 322, 323, 324], "excluded_lines": [], "start_line": 272}, "": {"executed_lines": [5, 6, 7, 9, 10, 13, 16, 26, 36, 100, 152, 230, 272], "summary": {"covered_lines": 13, "num_statements": 13, "percent_covered": 100.0, "percent_covered_display": "100", "missing_lines": 0, "excluded_lines": 0, "percent_statements_covered": 100.0, "percent_statements_covered_display": "100"}, "missing_lines": [], "excluded_lines": [], "start_line": 1}}, "classes": {"ToolResult": {"executed_lines": [], "summary": {"covered_lines": 0, "num_statements": 9, "percent_covered": 0.0, "percent_covered_display": "0", "missing_lines": 9, "excluded_lines": 0, "percent_statements_covered": 0.0, "percent_statements_covered_display": "0"}, "missing_lines": [22, 23, 24, 28, 29, 30, 31, 32, 33], "excluded_lines": [], "start_line": 13}, "": {"executed_lines": [5, 6, 7, 9, 10, 13, 16, 26, 36, 100, 152, 230, 272], "summary": {"covered_lines": 13, "num_statements": 99, "percent_covered": 13.131313131313131, "percent_covered_display": "13", "missing_lines": 86, "excluded_lines": 0, "percent_statements_covered": 13.131313131313131, "percent_statements_covered_display": "13"}, "missing_lines": [55, 57, 58, 60, 61, 63, 64, 67, 68, 69, 70, 73, 80, 81, 82, 84, 95, 96, 97, 115, 117, 120, 121, 124, 127, 128, 130, 148, 149, 173, 175, 176, 177, 179, 180, 185, 186, 187, 188, 189, 190, 192, 193, 194, 197, 199, 200, 201, 202, 203, 208, 209, 211, 212, 214, 225, 226, 227, 245, 247, 248, 249, 251, 252, 257, 258, 260, 267, 268, 269, 289, 291, 292, 293, 295, 296, 301, 304, 305, 307, 308, 310, 312, 322, 323, 324], "excluded_lines": [], "start_line": 1}}}, "src/models/__init__.py": {"executed_lines": [5, 6, 7, 8, 9, 10, 12], "summary": {"covered_lines": 7, "num_statements": 7, "percent_covered": 100.0, "percent_covered_display": "100", "missing_lines": 0, "excluded_lines": 0, "percent_statements_covered": 100.0, "percent_statements_covered_display": "100"}, "missing_lines": [], "excluded_lines": [], "functions": {"": {"executed_lines": [5, 6, 7, 8, 9, 10, 12], "summary": {"covered_lines": 7, "num_statements": 7, "percent_covered": 100.0, "percent_covered_display": "100", "missing_lines": 0, "excluded_lines": 0, "percent_statements_covered": 100.0, "percent_statements_covered_display": "100"}, "missing_lines": [], "excluded_lines": [], "start_line": 1}}, "classes": {"": {"executed_lines": [5, 6, 7, 8, 9, 10, 12], "summary": {"covered_lines": 7, "num_statements": 7, "percent_covered": 100.0, "percent_covered_display": "100", "missing_lines": 0, "excluded_lines": 0, "percent_statements_covered": 100.0, "percent_statements_covered_display": "100"}, "missing_lines": [], "excluded_lines": [], "start_line": 1}}}, "src/models/conversation.py": {"executed_lines": [5, 6, 7, 8, 11, 13, 16, 23, 25, 26, 27, 28, 31], "summary": {"covered_lines": 13, "num_statements": 13, "percent_covered": 100.0, "percent_covered_display": "100", "missing_lines": 0, "excluded_lines": 0, "percent_statements_covered": 100.0, "percent_statements_covered_display": "100"}, "missing_lines": [], "excluded_lines": [], "functions": {"": {"executed_lines": [5, 6, 7, 8, 11, 13, 16, 23, 25, 26, 27, 28, 31], "summary": {"covered_lines": 13, "num_statements": 13, "percent_covered": 100.0, "percent_covered_display": "100", "missing_lines": 0, "excluded_lines": 0, "percent_statements_covered": 100.0, "percent_statements_covered_display": "100"}, "missing_lines": [], "excluded_lines": [], "start_line": 1}}, "classes": {"ConversationBase": {"executed_lines": [], "summary": {"covered_lines": 0, "num_statements": 0, "percent_covered": 100.0, "percent_covered_display": "100", "missing_lines": 0, "excluded_lines": 0, "percent_statements_covered": 100.0, "percent_statements_covered_display": "100"}, "missing_lines": [], "excluded_lines": [], "start_line": 11}, "Conversation": {"executed_lines": [], "summary": {"covered_lines": 0, "num_statements": 0, "percent_covered": 100.0, "percent_covered_display": "100", "missing_lines": 0, "excluded_lines": 0, "percent_statements_covered": 100.0, "percent_statements_covered_display": "100"}, "missing_lines": [], "excluded_lines": [], "start_line": 16}, "": {"executed_lines": [5, 6, 7, 8, 11, 13, 16, 23, 25, 26, 27, 28, 31], "summary": {"covered_lines": 13, "num_statements": 13, "percent_covered": 100.0, "percent_covered_display": "100", "missing_lines": 0, "excluded_lines": 0, "percent_statements_covered": 100.0, "percent_statements_covered_display": "100"}, "missing_lines": [], "excluded_lines": [], "start_line": 1}}}, "src/models/message.py": {"executed_lines": [5, 6, 7, 8, 9, 12, 14, 15, 16, 19, 21, 22, 25, 32, 34, 35, 36, 37, 40], "summary": {"covered_lines": 19, "num_statements": 19, "percent_covered": 100.0, "percent_covered_display": "100", "missing_lines": 0, "excluded_lines": 0, "percent_statements_covered": 100.0, "percent_statements_covered_display": "100"}, "missing_lines": [], "excluded_lines": [], "functions": {"": {"executed_lines": [5, 6, 7, 8, 9, 12, 14, 15, 16, 19, 21, 22, 25, 32, 34, 35, 36, 37, 40], "summary": {"covered_lines": 19, "num_statements": 19, "percent_covered": 100.0, "percent_covered_display": "100", "missing_lines": 0, "excluded_lines": 0, "percent_statements_covered": 100.0, "percent_statements_covered_display": "100"}, "missing_lines": [], "excluded_lines": [], "start_line": 1}}, "classes": {"MessageRole": {"executed_lines": [], "summary": {"covered_lines": 0, "num_statements": 0, "percent_covered": 100.0, "percent_covered_display": "100", "missing_lines": 0, "excluded_lines": 0, "percent_statements_covered": 100.0, "percent_statements_covered_display": "100"}, "missing_lines": [], "excluded_lines": [], "start_line": 12}, "MessageBase": {"executed_lines": [], "summary": {"covered_lines": 0, "num_statements": 0, "percent_covered": 100.0, "percent_covered_display": "100", "missing_lines": 0, "excluded_lines": 0, "percent_statements_covered": 100.0, "percent_statements_covered_display": "100"}, "missing_lines": [], "excluded_lines": [], "start_line": 19}, "Message": {"executed_lines": [], "summary": {"covered_lines": 0, "num_statements": 0, "percent_covered": 100.0, "percent_covered_display": "100", "missing_lines": 0, "excluded_lines": 0, "percent_statements_covered": 100.0, "percent_statements_covered_display": "100"}, "missing_lines": [], "excluded_lines": [], "start_line": 25}, "": {"executed_lines": [5, 6, 7, 8, 9, 12, 14, 15, 16, 19, 21, 22, 25, 32, 34, 35, 36, 37, 40], "summary": {"covered_lines": 19, "num_statements": 19, "percent_covered": 100.0, "percent_covered_display": "100", "missing_lines": 0, "excluded_lines": 0, "percent_statements_covered": 100.0, "percent_statements_covered_display": "100"}, "missing_lines": [], "excluded_lines": [], "start_line": 1}}}, "src/models/tag.py": {"executed_lines": [5, 6, 7, 8, 14, 16, 17, 20, 22, 24, 26, 27, 28, 31], "summary": {"covered_lines": 14, "num_statements": 14, "percent_covered": 100.0, "percent_covered_display": "100", "missing_lines": 0, "excluded_lines": 2, "percent_statements_covered": 100.0, "percent_statements_covered_display": "100"}, "missing_lines": [], "excluded_lines": [10, 11], "functions": {"": {"executed_lines": [5, 6, 7, 8, 14, 16, 17, 20, 22, 24, 26, 27, 28, 31], "summary": {"covered_lines": 14, "num_statements": 14, "percent_covered": 100.0, "percent_covered_display": "100", "missing_lines": 0, "excluded_lines": 2, "percent_statements_covered": 100.0, "percent_statements_covered_display": "100"}, "missing_lines": [], "excluded_lines": [10, 11], "start_line": 1}}, "classes": {"TagBase": {"executed_lines": [], "summary": {"covered_lines": 0, "num_statements": 0, "percent_covered": 100.0, "percent_covered_display": "100", "missing_lines": 0, "excluded_lines": 0, "percent_statements_covered": 100.0, "percent_statements_covered_display": "100"}, "missing_lines": [], "excluded_lines": [], "start_line": 14}, "Tag": {"executed_lines": [], "summary": {"covered_lines": 0, "num_statements": 0, "percent_covered": 100.0, "percent_covered_display": "100", "missing_lines": 0, "excluded_lines": 0, "percent_statements_covered": 100.0, "percent_statements_covered_display": "100"}, "missing_lines": [], "excluded_lines": [], "start_line": 22}, "": {"executed_lines": [5, 6, 7, 8, 14, 16, 17, 20, 22, 24, 26, 27, 28, 31], "summary": {"covered_lines": 14, "num_statements": 14, "percent_covered": 100.0, "percent_covered_display": "100", "missing_lines": 0, "excluded_lines": 2, "percent_statements_covered": 100.0, "percent_statements_covered_display": "100"}, "missing_lines": [], "excluded_lines": [10, 11], "start_line": 1}}}, "src/models/task.py": {"executed_lines": [5, 6, 7, 8, 9, 10, 13, 15, 16, 17, 20, 23, 25, 26, 27, 30, 32, 34, 35, 36, 37, 38, 41], "summary": {"covered_lines": 23, "num_statements": 23, "percent_covered": 100.0, "percent_covered_display": "100", "missing_lines": 0, "excluded_lines": 0, "percent_statements_covered": 100.0, "percent_statements_covered_display": "100"}, "missing_lines": [], "excluded_lines": [], "functions": {"": {"executed_lines": [5, 6, 7, 8, 9, 10, 13, 15, 16, 17, 20, 23, 25, 26, 27, 30, 32, 34, 35, 36, 37, 38, 41], "summary": {"covered_lines": 23, "num_statements": 23, "percent_covered": 100.0, "percent_covered_display": "100", "missing_lines": 0, "excluded_lines": 0, "percent_statements_covered": 100.0, "percent_statements_covered_display": "100"}, "missing_lines": [], "excluded_lines": [], "start_line": 1}}, "classes": {"Priority": {"executed_lines": [], "summary": {"covered_lines": 0, "num_statements": 0, "percent_covered": 100.0, "percent_covered_display": "100", "missing_lines": 0, "excluded_lines": 0, "percent_statements_covered": 100.0, "percent_statements_covered_display": "100"}, "missing_lines": [], "excluded_lines": [], "start_line": 13}, "TaskBase": {"executed_lines": [], "summary": {"covered_lines": 0, "num_statements": 0, "percent_covered": 100.0, "percent_covered_display": "100", "missing_lines": 0, "excluded_lines": 0, "percent_statements_covered": 100.0, "percent_statements_covered_display": "100"}, "missing_lines": [], "excluded_lines": [], "start_line": 23}, "Task": {"executed_lines": [], "summary": {"covered_lines": 0, "num_statements": 0, "percent_covered": 100.0, "percent_covered_display": "100", "missing_lines": 0, "excluded_lines": 0, "percent_statements_covered": 100.0, "percent_statements_covered_display": "100"}, "missing_lines": [], "excluded_lines": [], "start_line": 30}, "": {"executed_lines": [5, 6, 7, 8, 9, 10, 13, 15, 16, 17, 20, 23, 25, 26, 27, 30, 32, 34, 35, 36, 37, 38, 41], "summary": {"covered_lines": 23, "num_statements": 23, "percent_covered": 100.0, "percent_covered_display": "100", "missing_lines": 0, "excluded_lines": 0, "percent_statements_covered": 100.0, "percent_statements_covered_display": "100"}, "missing_lines": [], "excluded_lines": [], "start_line": 1}}}, "src/models/task_tag.py": {"executed_lines": [1, 2, 3, 5, 7, 9, 10], "summary": {"covered_lines": 7, "num_statements": 7, "percent_covered": 100.0, "percent_covered_display": "100", "missing_lines": 0, "excluded_lines": 0, "percent_statements_covered": 100.0, "percent_statements_covered_display": "100"}, "missing_lines": [], "excluded_lines": [], "functions": {"": {"executed_lines": [1, 2, 3, 5, 7, 9, 10], "summary": {"covered_lines": 7, "num_statements": 7, "percent_covered": 100.0, "percent_covered_display": "100", "missing_lines": 0, "excluded_lines": 0, "percent_statements_covered": 100.0, "percent_statements_covered_display": "100"}, "missing_lines": [], "excluded_lines": [], "start_line": 1}}, "classes": {"TaskTag": {"executed_lines": [], "summary": {"covered_lines": 0, "num_statements": 0, "percent_covered": 100.0, "percent_covered_display": "100", "missing_lines": 0, "excluded_lines": 0, "percent_statements_covered": 100.0, "percent_statements_covered_display": "100"}, "missing_lines": [], "excluded_lines": [], "start_line": 5}, "": {"executed_lines": [1, 2, 3, 5, 7, 9, 10], "summary": {"covered_lines": 7, "num_statements": 7, "percent_covered": 100.0, "percent_covered_display": "100", "missing_lines": 0, "excluded_lines": 0, "percent_statements_covered": 100.0, "percent_statements_covered_display": "100"}, "missing_lines": [], "excluded_lines": [], "start_line": 1}}}, "src/models/user.py": {"executed_lines": [1, 2, 3, 4, 6, 11, 13, 14, 15, 16, 17, 18, 19, 23, 24], "summary": {"covered_lines": 15, "num_statements": 15, "percent_covered": 100.0, "percent_covered_display": "100", "missing_lines": 0, "excluded_lines": 0, "percent_statements_covered": 100.0, "percent_statements_covered_display": "100"}, "missing_lines": [], "excluded_lines": [], "functions": {"": {"executed_lines": [1, 2, 3, 4, 6, 11, 13, 14, 15, 16, 17, 18, 19, 23, 24], "summary": {"covered_lines": 15, "num_statements": 15, "percent_covered": 100.0, "percent_covered_display": "100", "missing_lines": 0, "excluded_lines": 0, "percent_statements_covered": 100.0, "percent_statements_covered_display": "100"}, "missing_lines": [], "excluded_lines": [], "start_line": 1}}, "classes": {"User": {"executed_lines": [], "summary": {"covered_lines": 0, "num_statements": 0, "percent_covered": 100.0, "percent_covered_display": "100", "missing_lines": 0, "excluded_lines": 0, "percent_statements_covered": 100.0, "percent_statements_covered_display": "100"}, "missing_lines": [], "excluded_lines": [], "start_line": 6}, "": {"executed_lines": [1, 2, 3, 4, 6, 11, 13, 14, 15, 16, 17, 18, 19, 23, 24], "summary": {"covered_lines": 15, "num_statements": 15, "percent_covered": 100.0, "percent_covered_display": "100", "missing_lines": 0, "excluded_lines": 0, "percent_statements_covered": 100.0, "percent_statements_covered_display": "100"}, "missing_lines": [], "excluded_lines": [], "start_line": 1}}}, "src/schemas/__init__.py": {"executed_lines": [4, 10, 16, 22], "summary": {"covered_lines": 4, "num_statements": 4, "percent_covered": 100.0, "percent_covered_display": "100", "missing_lines": 0, "excluded_lines": 0, "percent_statements_covered": 100.0, "percent_statements_covered_display": "100"}, "missing_lines": [], "excluded_lines": [], "functions": {"": {"executed_lines": [4, 10, 16, 22], "summary": {"covered_lines": 4, "num_statements": 4, "percent_covered": 100.0, "percent_covered_display": "100", "missing_lines": 0, "excluded_lines": 0, "percent_statements_covered": 100.0, "percent_statements_covered_display": "100"}, "missing_lines": [], "excluded_lines": [], "start_line": 1}}, "classes": {"": {"executed_lines": [4, 10, 16, 22], "summary": {"covered_lines": 4, "num_statements": 4, "percent_covered": 100.0, "percent_covered_display": "100", "missing_lines": 0, "excluded_lines": 0, "percent_statements_covered": 100.0, "percent_statements_covered_display": "100"}, "missing_lines": [], "excluded_lines": [], "start_line": 1}}}, "src/schemas/chat.py": {"executed_lines": [5, 6, 7, 10, 13, 14, 15, 16, 19, 22, 23, 28, 29, 30, 40, 44, 45, 46, 47, 50, 53, 54, 55, 61, 64, 65, 66, 67, 68, 71, 74, 80, 83, 84, 85, 86, 87, 93, 96, 99, 102, 103], "summary": {"covered_lines": 42, "num_statements": 42, "percent_covered": 100.0, "percent_covered_display": "100", "missing_lines": 0, "excluded_lines": 0, "percent_statements_covered": 100.0, "percent_statements_covered_display": "100"}, "missing_lines": [], "excluded_lines": [], "functions": {"ChatRequest.sanitize_message": {"executed_lines": [40, 44, 45, 46, 47], "summary": {"covered_lines": 5, "num_statements": 5, "percent_covered": 100.0, "percent_covered_display": "100", "missing_lines": 0, "excluded_lines": 0, "percent_statements_covered": 100.0, "percent_statements_covered_display": "100"}, "missing_lines": [], "excluded_lines": [], "start_line": 30}, "": {"executed_lines": [5, 6, 7, 10, 13, 14, 15, 16, 19, 22, 23, 28, 29, 30, 50, 53, 54, 55, 61, 64, 65, 66, 67, 68, 71, 74, 80, 83, 84, 85, 86, 87, 93, 96, 99, 102, 103], "summary": {"covered_lines": 37, "num_statements": 37, "percent_covered": 100.0, "percent_covered_display": "100", "missing_lines": 0, "excluded_lines": 0, "percent_statements_covered": 100.0, "percent_statements_covered_display": "100"}, "missing_lines": [], "excluded_lines": [], "start_line": 1}}, "classes": {"ChatMessage": {"executed_lines": [], "summary": {"covered_lines": 0, "num_statements": 0, "percent_covered": 100.0, "percent_covered_display": "100", "missing_lines": 0, "excluded_lines": 0, "percent_statements_covered": 100.0, "percent_statements_covered_display": "100"}, "missing_lines": [], "excluded_lines": [], "start_line": 10}, "ChatRequest": {"executed_lines": [40, 44, 45, 46, 47], "summary": {"covered_lines": 5, "num_statements": 5, "percent_covered": 100.0, "percent_covered_display": "100", "missing_lines": 0, "excluded_lines": 0, "percent_statements_covered": 100.0, "percent_statements_covered_display": "100"}, "missing_lines": [], "excluded_lines": [], "start_line": 19}, "ChatResponse": {"executed_lines": [], "summary": {"covered_lines": 0, "num_statements": 0, "percent_covered": 100.0, "percent_covered_display": "100", "missing_lines": 0, "excluded_lines": 0, "percent_statements_covered": 100.0, "percent_statements_covered_display": "100"}, "missing_lines": [], "excluded_lines": [], "start_line": 50}, "ConversationSummary": {"executed_lines": [], "summary": {"covered_lines": 0, "num_statements": 0, "percent_covered": 100.0, "percent_covered_display": "100", "missing_lines": 0, "excluded_lines": 0, "percent_statements_covered": 100.0, "percent_statements_covered_display": "100"}, "missing_lines": [], "excluded_lines": [], "start_line": 61}, "ConversationListResponse": {"executed_lines": [], "summary": {"covered_lines": 0, "num_statements": 0, "percent_covered": 100.0, "percent_covered_display": "100", "missing_lines": 0, "excluded_lines": 0, "percent_statements_covered": 100.0, "percent_statements_covered_display": "100"}, "missing_lines": [], "excluded_lines": [], "start_line": 71}, "ConversationDetail": {"executed_lines": [], "summary": {"covered_lines": 0, "num_statements": 0, "percent_covered": 100.0, "percent_covered_display": "100", "missing_lines": 0, "excluded_lines": 0, "percent_statements_covered": 100.0, "percent_statements_covered_display": "100"}, "missing_lines": [], "excluded_lines": [], "start_line": 80}, "ConversationDetailResponse": {"executed_lines": [], "summary": {"covered_lines": 0, "num_statements": 0, "percent_covered": 100.0, "percent_covered_display": "100", "missing_lines": 0, "excluded_lines": 0, "percent_statements_covered": 100.0, "percent_statements_covered_display": "100"}, "missing_lines": [], "excluded_lines": [], "start_line": 93}, "ErrorResponse": {"executed_lines": [], "summary": {"covered_lines": 0, "num_statements": 0, "percent_covered": 100.0, "percent_covered_display": "100", "missing_lines": 0, "excluded_lines": 0, "percent_statements_covered": 100.0, "percent_statements_covered_display": "100"}, "missing_lines": [], "excluded_lines": [], "start_line": 99}, "": {"executed_lines": [5, 6, 7, 10, 13, 14, 15, 16, 19, 22, 23, 28, 29, 30, 50, 53, 54, 55, 61, 64, 65, 66, 67, 68, 71, 74, 80, 83, 84, 85, 86, 87, 93, 96, 99, 102, 103], "summary": {"covered_lines": 37, "num_statements": 37, "percent_covered": 100.0, "percent_covered_display": "100", "missing_lines": 0, "excluded_lines": 0, "percent_statements_covered": 100.0, "percent_statements_covered_display": "100"}, "missing_lines": [], "excluded_lines": [], "start_line": 1}}}, "src/schemas/tag.py": {"executed_lines": [5, 6, 7, 10, 12, 13, 16, 18, 19, 22, 24, 25, 26, 27, 28, 31, 33], "summary": {"covered_lines": 17, "num_statements": 17, "percent_covered": 100.0, "percent_covered_display": "100", "missing_lines": 0, "excluded_lines": 0, "percent_statements_covered": 100.0, "percent_statements_covered_display": "100"}, "missing_lines": [], "excluded_lines": [], "functions": {"": {"executed_lines": [5, 6, 7, 10, 12, 13, 16, 18, 19, 22, 24, 25, 26, 27, 28, 31, 33], "summary": {"covered_lines": 17, "num_statements": 17, "percent_covered": 100.0, "percent_covered_display": "100", "missing_lines": 0, "excluded_lines": 0, "percent_statements_covered": 100.0, "percent_statements_covered_display": "100"}, "missing_lines": [], "excluded_lines": [], "start_line": 1}}, "classes": {"TagCreate": {"executed_lines": [], "summary": {"covered_lines": 0, "num_statements": 0, "percent_covered": 100.0, "percent_covered_display": "100", "missing_lines": 0, "excluded_lines": 0, "percent_statements_covered": 100.0, "percent_statements_covered_display": "100"}, "missing_lines": [], "excluded_lines": [], "start_line": 10}, "TagUpdate": {"executed_lines": [], "summary": {"covered_lines": 0, "num_statements": 0, "percent_covered": 100.0, "percent_covered_display": "100", "missing_lines": 0, "excluded_lines": 0, "percent_statements_covered": 100.0, "percent_statements_covered_display": "100"}, "missing_lines": [], "excluded_lines": [], "start_line": 16}, "TagRead": {"executed_lines": [], "summary": {"covered_lines": 0, "num_statements": 0, "percent_covered": 100.0, "percent_covered_display": "100", "missing_lines": 0, "excluded_lines": 0, "percent_statements_covered": 100.0, "percent_statements_covered_display": "100"}, "missing_lines": [], "excluded_lines": [], "start_line": 22}, "TagReadWithCount": {"executed_lines": [], "summary": {"covered_lines": 0, "num_statements": 0, "percent_covered": 100.0, "percent_covered_display": "100", "missing_lines": 0, "excluded_lines": 0, "percent_statements_covered": 100.0, "percent_statements_covered_display": "100"}, "missing_lines": [], "excluded_lines": [], "start_line": 31}, "": {"executed_lines": [5, 6, 7, 10, 12, 13, 16, 18, 19, 22, 24, 25, 26, 27, 28, 31, 33], "summary": {"covered_lines": 17, "num_statements": 17, "percent_covered": 100.0, "percent_covered_display": "100", "missing_lines": 0, "excluded_lines": 0, "percent_statements_covered": 100.0, "percent_statements_covered_display": "100"}, "missing_lines": [], "excluded_lines": [], "start_line": 1}}}, "src/schemas/task.py": {"executed_lines": [5, 6, 7, 8, 9, 10, 11, 14, 16, 17, 18, 19, 22, 24, 25, 26, 27, 28, 31, 33, 34, 35, 36, 37, 38, 39, 40, 41, 43, 44, 48, 50], "summary": {"covered_lines": 32, "num_statements": 33, "percent_covered": 96.96969696969697, "percent_covered_display": "97", "missing_lines": 1, "excluded_lines": 0, "percent_statements_covered": 96.96969696969697, "percent_statements_covered_display": "97"}, "missing_lines": [45], "excluded_lines": [], "functions": {"TaskRead.serialize_datetime": {"executed_lines": [], "summary": {"covered_lines": 0, "num_statements": 1, "percent_covered": 0.0, "percent_covered_display": "0", "missing_lines": 1, "excluded_lines": 0, "percent_statements_covered": 0.0, "percent_statements_covered_display": "0"}, "missing_lines": [45], "excluded_lines": [], "start_line": 44}, "": {"executed_lines": [5, 6, 7, 8, 9, 10, 11, 14, 16, 17, 18, 19, 22, 24, 25, 26, 27, 28, 31, 33, 34, 35, 36, 37, 38, 39, 40, 41, 43, 44, 48, 50], "summary": {"covered_lines": 32, "num_statements": 32, "percent_covered": 100.0, "percent_covered_display": "100", "missing_lines": 0, "excluded_lines": 0, "percent_statements_covered": 100.0, "percent_statements_covered_display": "100"}, "missing_lines": [], "excluded_lines": [], "start_line": 1}}, "classes": {"TaskCreate": {"executed_lines": [], "summary": {"covered_lines": 0, "num_statements": 0, "percent_covered": 100.0, "percent_covered_display": "100", "missing_lines": 0, "excluded_lines": 0, "percent_statements_covered": 100.0, "percent_statements_covered_display": "100"}, "missing_lines": [], "excluded_lines": [], "start_line": 14}, "TaskUpdate": {"executed_lines": [], "summary": {"covered_lines": 0, "num_statements": 0, "percent_covered": 100.0, "percent_covered_display": "100", "missing_lines": 0, "excluded_lines": 0, "percent_statements_covered": 100.0, "percent_statements_covered_display": "100"}, "missing_lines": [], "excluded_lines": [], "start_line": 22}, "TaskRead": {"executed_lines": [], "summary": {"covered_lines": 0, "num_statements": 1, "percent_covered": 0.0, "percent_covered_display": "0", "missing_lines": 1, "excluded_lines": 0, "percent_statements_covered": 0.0, "percent_statements_covered_display": "0"}, "missing_lines": [45], "excluded_lines": [], "start_line": 31}, "TaskReadWithTags": {"executed_lines": [], "summary": {"covered_lines": 0, "num_statements": 0, "percent_covered": 100.0, "percent_covered_display": "100", "missing_lines": 0, "excluded_lines": 0, "percent_statements_covered": 100.0, "percent_statements_covered_display": "100"}, "missing_lines": [], "excluded_lines": [], "start_line": 48}, "": {"executed_lines": [5, 6, 7, 8, 9, 10, 11, 14, 16, 17, 18, 19, 22, 24, 25, 26, 27, 28, 31, 33, 34, 35, 36, 37, 38, 39, 40, 41, 43, 44, 48, 50], "summary": {"covered_lines": 32, "num_statements": 32, "percent_covered": 100.0, "percent_covered_display": "100", "missing_lines": 0, "excluded_lines": 0, "percent_statements_covered": 100.0, "percent_statements_covered_display": "100"}, "missing_lines": [], "excluded_lines": [], "start_line": 1}}}, "src/schemas/user.py": {"executed_lines": [4, 5, 6, 9, 11, 12, 15, 17, 20, 22, 23, 24, 25, 26, 27, 28, 31, 33, 34], "summary": {"covered_lines": 19, "num_statements": 19, "percent_covered": 100.0, "percent_covered_display": "100", "missing_lines": 0, "excluded_lines": 0, "percent_statements_covered": 100.0, "percent_statements_covered_display": "100"}, "missing_lines": [], "excluded_lines": [], "functions": {"": {"executed_lines": [4, 5, 6, 9, 11, 12, 15, 17, 20, 22, 23, 24, 25, 26, 27, 28, 31, 33, 34], "summary": {"covered_lines": 19, "num_statements": 19, "percent_covered": 100.0, "percent_covered_display": "100", "missing_lines": 0, "excluded_lines": 0, "percent_statements_covered": 100.0, "percent_statements_covered_display": "100"}, "missing_lines": [], "excluded_lines": [], "start_line": 1}}, "classes": {"UserBase": {"executed_lines": [], "summary": {"covered_lines": 0, "num_statements": 0, "percent_covered": 100.0, "percent_covered_display": "100", "missing_lines": 0, "excluded_lines": 0, "percent_statements_covered": 100.0, "percent_statements_covered_display": "100"}, "missing_lines": [], "excluded_lines": [], "start_line": 9}, "UserCreate": {"executed_lines": [], "summary": {"covered_lines": 0, "num_statements": 0, "percent_covered": 100.0, "percent_covered_display": "100", "missing_lines": 0, "excluded_lines": 0, "percent_statements_covered": 100.0, "percent_statements_covered_display": "100"}, "missing_lines": [], "excluded_lines": [], "start_line": 15}, "UserRead": {"executed_lines": [], "summary": {"covered_lines": 0, "num_statements": 0, "percent_covered": 100.0, "percent_covered_display": "100", "missing_lines": 0, "excluded_lines": 0, "percent_statements_covered": 100.0, "percent_statements_covered_display": "100"}, "missing_lines": [], "excluded_lines": [], "start_line": 20}, "UserLogin": {"executed_lines": [], "summary": {"covered_lines": 0, "num_statements": 0, "percent_covered": 100.0, "percent_covered_display": "100", "missing_lines": 0, "excluded_lines": 0, "percent_statements_covered": 100.0, "percent_statements_covered_display": "100"}, "missing_lines": [], "excluded_lines": [], "start_line": 31}, "": {"executed_lines": [4, 5, 6, 9, 11, 12, 15, 17, 20, 22, 23, 24, 25, 26, 27, 28, 31, 33, 34], "summary": {"covered_lines": 19, "num_statements": 19, "percent_covered": 100.0, "percent_covered_display": "100", "missing_lines": 0, "excluded_lines": 0, "percent_statements_covered": 100.0, "percent_statements_covered_display": "100"}, "missing_lines": [], "excluded_lines": [], "start_line": 1}}}, "src/security.py": {"executed_lines": [2, 3, 4, 5, 6, 8, 10, 12, 20, 29, 31, 32, 35, 38, 39, 41, 42, 43], "summary": {"covered_lines": 18, "num_statements": 28, "percent_covered": 64.28571428571429, "percent_covered_display": "64", "missing_lines": 10, "excluded_lines": 0, "percent_statements_covered": 64.28571428571429, "percent_statements_covered_display": "64"}, "missing_lines": [15, 16, 17, 18, 23, 24, 25, 26, 27, 33], "excluded_lines": [], "functions": {"verify_password": {"executed_lines": [], "summary": {"covered_lines": 0, "num_statements": 4, "percent_covered": 0.0, "percent_covered_display": "0", "missing_lines": 4, "excluded_lines": 0, "percent_statements_covered": 0.0, "percent_statements_covered_display": "0"}, "missing_lines": [15, 16, 17, 18], "excluded_lines": [], "start_line": 12}, "get_password_hash": {"executed_lines": [], "summary": {"covered_lines": 0, "num_statements": 5, "percent_covered": 0.0, "percent_covered_display": "0", "missing_lines": 5, "excluded_lines": 0, "percent_statements_covered": 0.0, "percent_statements_covered_display": "0"}, "missing_lines": [23, 24, 25, 26, 27], "excluded_lines": [], "start_line": 20}, "create_access_token": {"executed_lines": [31, 32, 35, 38, 39, 41, 42, 43], "summary": {"covered_lines": 8, "num_statements": 9, "percent_covered": 88.88888888888889, "percent_covered_display": "89", "missing_lines": 1, "excluded_lines": 0, "percent_statements_covered": 88.88888888888889, "percent_statements_covered_display": "89"}, "missing_lines": [33], "excluded_lines": [], "start_line": 29}, "": {"executed_lines": [2, 3, 4, 5, 6, 8, 10, 12, 20, 29], "summary": {"covered_lines": 10, "num_statements": 10, "percent_covered": 100.0, "percent_covered_display": "100", "missing_lines": 0, "excluded_lines": 0, "percent_statements_covered": 100.0, "percent_statements_covered_display": "100"}, "missing_lines": [], "excluded_lines": [], "start_line": 1}}, "classes": {"": {"executed_lines": [2, 3, 4, 5, 6, 8, 10, 12, 20, 29, 31, 32, 35, 38, 39, 41, 42, 43], "summary": {"covered_lines": 18, "num_statements": 28, "percent_covered": 64.28571428571429, "percent_covered_display": "64", "missing_lines": 10, "excluded_lines": 0, "percent_statements_covered": 64.28571428571429, "percent_statements_covered_display": "64"}, "missing_lines": [15, 16, 17, 18, 23, 24, 25, 26, 27, 33], "excluded_lines": [], "start_line": 1}}}, "src/services/conversation_service.py": {"executed_lines": [5, 6, 7, 9, 10, 12, 13, 16, 25, 44, 46, 47, 51, 55, 63, 65, 68, 87, 107, 114, 117, 118, 129, 145, 149, 152, 168, 172, 175, 191, 192], "summary": {"covered_lines": 31, "num_statements": 60, "percent_covered": 51.666666666666664, "percent_covered_display": "52", "missing_lines": 29, "excluded_lines": 0, "percent_statements_covered": 51.666666666666664, "percent_statements_covered_display": "52"}, "missing_lines": [48, 49, 56, 58, 59, 61, 69, 71, 72, 75, 81, 82, 83, 85, 119, 121, 122, 124, 125, 127, 150, 173, 193, 195, 196, 197, 198, 199, 201], "excluded_lines": [], "functions": {"ConversationService.get_or_create_conversation": {"executed_lines": [44, 46, 47, 51, 55, 63, 65, 68], "summary": {"covered_lines": 8, "num_statements": 22, "percent_covered": 36.36363636363637, "percent_covered_display": "36", "missing_lines": 14, "excluded_lines": 0, "percent_statements_covered": 36.36363636363637, "percent_statements_covered_display": "36"}, "missing_lines": [48, 49, 56, 58, 59, 61, 69, 71, 72, 75, 81, 82, 83, 85], "excluded_lines": [], "start_line": 25}, "ConversationService.add_message": {"executed_lines": [107, 114, 117, 118], "summary": {"covered_lines": 4, "num_statements": 10, "percent_covered": 40.0, "percent_covered_display": "40", "missing_lines": 6, "excluded_lines": 0, "percent_statements_covered": 40.0, "percent_statements_covered_display": "40"}, "missing_lines": [119, 121, 122, 124, 125, 127], "excluded_lines": [], "start_line": 87}, "ConversationService.get_conversation_messages": {"executed_lines": [145, 149], "summary": {"covered_lines": 2, "num_statements": 3, "percent_covered": 66.66666666666667, "percent_covered_display": "67", "missing_lines": 1, "excluded_lines": 0, "percent_statements_covered": 66.66666666666667, "percent_statements_covered_display": "67"}, "missing_lines": [150], "excluded_lines": [], "start_line": 129}, "ConversationService.get_user_conversations": {"executed_lines": [168, 172], "summary": {"covered_lines": 2, "num_statements": 3, "percent_covered": 66.66666666666667, "percent_covered_display": "67", "missing_lines": 1, "excluded_lines": 0, "percent_statements_covered": 66.66666666666667, "percent_statements_covered_display": "67"}, "missing_lines": [173], "excluded_lines": [], "start_line": 152}, "ConversationService.update_conversation_title": {"executed_lines": [191, 192], "summary": {"covered_lines": 2, "num_statements": 9, "percent_covered": 22.22222222222222, "percent_covered_display": "22", "missing_lines": 7, "excluded_lines": 0, "percent_statements_covered": 22.22222222222222, "percent_statements_covered_display": "22"}, "missing_lines": [193, 195, 196, 197, 198, 199, 201], "excluded_lines": [], "start_line": 175}, "": {"executed_lines": [5, 6, 7, 9, 10, 12, 13, 16, 25, 87, 129, 152, 175], "summary": {"covered_lines": 13, "num_statements": 13, "percent_covered": 100.0, "percent_covered_display": "100", "missing_lines": 0, "excluded_lines": 0, "percent_statements_covered": 100.0, "percent_statements_covered_display": "100"}, "missing_lines": [], "excluded_lines": [], "start_line": 1}}, "classes": {"ConversationService": {"executed_lines": [44, 46, 47, 51, 55, 63, 65, 68, 107, 114, 117, 118, 145, 149, 168, 172, 191, 192], "summary": {"covered_lines": 18, "num_statements": 47, "percent_covered": 38.297872340425535, "percent_covered_display": "38", "missing_lines": 29, "excluded_lines": 0, "percent_statements_covered": 38.297872340425535, "percent_statements_covered_display": "38"}, "missing_lines": [48, 49, 56, 58, 59, 61, 69, 71, 72, 75, 81, 82, 83, 85, 119, 121, 122, 124, 125, 127, 150, 173, 193, 195, 196, 197, 198, 199, 201], "excluded_lines": [], "start_line": 16}, "": {"executed_lines": [5, 6, 7, 9, 10, 12, 13, 16, 25, 87, 129, 152, 175], "summary": {"covered_lines": 13, "num_statements": 13, "percent_covered": 100.0, "percent_covered_display": "100", "missing_lines": 0, "excluded_lines": 0, "percent_statements_covered": 100.0, "percent_statements_covered_display": "100"}, "missing_lines": [], "excluded_lines": [], "start_line": 1}}}}, "totals": {"covered_lines": 504, "num_statements": 969, "percent_covered": 52.01238390092879, "percent_covered_display": "52", "missing_lines": 465, "excluded_lines": 2, "percent_statements_covered": 52.01238390092879, "percent_statements_covered_display": "52"}}